WARNING - 2024-09-01 03:16:12 --> [DEPRECATED] Creation of dynamic property App\Controllers\Properties\PropertiesController::$db is deprecated in APPPATH\Controllers\Properties\PropertiesController.php on line 14.
 1 SYSTEMPATH\CodeIgniter.php(891): App\Controllers\Properties\PropertiesController->__construct()
 2 SYSTEMPATH\CodeIgniter.php(485): CodeIgniter\CodeIgniter->createController()
 3 SYSTEMPATH\CodeIgniter.php(353): CodeIgniter\CodeIgniter->handleRequest(null, Object(Config\Cache), false)
 4 FCPATH\index.php(79): CodeIgniter\CodeIgniter->run()
INFO - 2024-09-01 03:16:12 --> Session: Class initialized using 'CodeIgniter\Session\Handlers\FileHandler' driver.
INFO - 2024-09-01 03:16:14 --> Session: Class initialized using 'CodeIgniter\Session\Handlers\FileHandler' driver.
WARNING - 2024-09-01 03:16:18 --> [DEPRECATED] Creation of dynamic property App\Controllers\Properties\PropertiesController::$db is deprecated in APPPATH\Controllers\Properties\PropertiesController.php on line 14.
 1 SYSTEMPATH\CodeIgniter.php(891): App\Controllers\Properties\PropertiesController->__construct()
 2 SYSTEMPATH\CodeIgniter.php(485): CodeIgniter\CodeIgniter->createController()
 3 SYSTEMPATH\CodeIgniter.php(353): CodeIgniter\CodeIgniter->handleRequest(null, Object(Config\Cache), false)
 4 FCPATH\index.php(79): CodeIgniter\CodeIgniter->run()
INFO - 2024-09-01 03:16:18 --> Session: Class initialized using 'CodeIgniter\Session\Handlers\FileHandler' driver.
INFO - 2024-09-01 03:16:21 --> Session: Class initialized using 'CodeIgniter\Session\Handlers\FileHandler' driver.
WARNING - 2024-09-01 03:30:03 --> [DEPRECATED] Creation of dynamic property App\Controllers\Properties\PropertiesController::$db is deprecated in APPPATH\Controllers\Properties\PropertiesController.php on line 14.
 1 SYSTEMPATH\CodeIgniter.php(891): App\Controllers\Properties\PropertiesController->__construct()
 2 SYSTEMPATH\CodeIgniter.php(485): CodeIgniter\CodeIgniter->createController()
 3 SYSTEMPATH\CodeIgniter.php(353): CodeIgniter\CodeIgniter->handleRequest(null, Object(Config\Cache), false)
 4 FCPATH\index.php(79): CodeIgniter\CodeIgniter->run()
INFO - 2024-09-01 03:30:03 --> Session: Class initialized using 'CodeIgniter\Session\Handlers\FileHandler' driver.
CRITICAL - 2024-09-01 03:30:04 --> Attempt to read property "id" on null
in APPPATH\Controllers\Properties\PropertiesController.php on line 58.
 1 APPPATH\Controllers\Properties\PropertiesController.php(58): CodeIgniter\Debug\Exceptions->errorHandler(2, 'Attempt to read property "id" on null', 'C:\\xampp\\htdocs\\ci-homeland\\app\\Controllers\\Properties\\PropertiesController.php', 58)
 2 SYSTEMPATH\CodeIgniter.php(919): App\Controllers\Properties\PropertiesController->propSingle('4')
 3 SYSTEMPATH\CodeIgniter.php(494): CodeIgniter\CodeIgniter->runController(Object(App\Controllers\Properties\PropertiesController))
 4 SYSTEMPATH\CodeIgniter.php(353): CodeIgniter\CodeIgniter->handleRequest(null, Object(Config\Cache), false)
 5 FCPATH\index.php(79): CodeIgniter\CodeIgniter->run()
WARNING - 2024-09-01 03:30:43 --> [DEPRECATED] Creation of dynamic property App\Controllers\Properties\PropertiesController::$db is deprecated in APPPATH\Controllers\Properties\PropertiesController.php on line 14.
 1 SYSTEMPATH\CodeIgniter.php(891): App\Controllers\Properties\PropertiesController->__construct()
 2 SYSTEMPATH\CodeIgniter.php(485): CodeIgniter\CodeIgniter->createController()
 3 SYSTEMPATH\CodeIgniter.php(353): CodeIgniter\CodeIgniter->handleRequest(null, Object(Config\Cache), false)
 4 FCPATH\index.php(79): CodeIgniter\CodeIgniter->run()
CRITICAL - 2024-09-01 03:30:44 --> Undefined property: CodeIgniter\Shield\Auth::$user
in APPPATH\Controllers\Properties\PropertiesController.php on line 58.
 1 APPPATH\Controllers\Properties\PropertiesController.php(58): CodeIgniter\Debug\Exceptions->errorHandler(2, 'Undefined property: CodeIgniter\\Shield\\Auth::$user', 'C:\\xampp\\htdocs\\ci-homeland\\app\\Controllers\\Properties\\PropertiesController.php', 58)
 2 SYSTEMPATH\CodeIgniter.php(919): App\Controllers\Properties\PropertiesController->propSingle('4')
 3 SYSTEMPATH\CodeIgniter.php(494): CodeIgniter\CodeIgniter->runController(Object(App\Controllers\Properties\PropertiesController))
 4 SYSTEMPATH\CodeIgniter.php(353): CodeIgniter\CodeIgniter->handleRequest(null, Object(Config\Cache), false)
 5 FCPATH\index.php(79): CodeIgniter\CodeIgniter->run()
WARNING - 2024-09-01 03:34:20 --> [DEPRECATED] Creation of dynamic property App\Controllers\Properties\PropertiesController::$db is deprecated in APPPATH\Controllers\Properties\PropertiesController.php on line 14.
 1 SYSTEMPATH\CodeIgniter.php(891): App\Controllers\Properties\PropertiesController->__construct()
 2 SYSTEMPATH\CodeIgniter.php(485): CodeIgniter\CodeIgniter->createController()
 3 SYSTEMPATH\CodeIgniter.php(353): CodeIgniter\CodeIgniter->handleRequest(null, Object(Config\Cache), false)
 4 FCPATH\index.php(79): CodeIgniter\CodeIgniter->run()
INFO - 2024-09-01 03:34:20 --> Session: Class initialized using 'CodeIgniter\Session\Handlers\FileHandler' driver.
CRITICAL - 2024-09-01 03:34:21 --> Attempt to read property "id" on null
in APPPATH\Controllers\Properties\PropertiesController.php on line 58.
 1 APPPATH\Controllers\Properties\PropertiesController.php(58): CodeIgniter\Debug\Exceptions->errorHandler(2, 'Attempt to read property "id" on null', 'C:\\xampp\\htdocs\\ci-homeland\\app\\Controllers\\Properties\\PropertiesController.php', 58)
 2 SYSTEMPATH\CodeIgniter.php(919): App\Controllers\Properties\PropertiesController->propSingle('4')
 3 SYSTEMPATH\CodeIgniter.php(494): CodeIgniter\CodeIgniter->runController(Object(App\Controllers\Properties\PropertiesController))
 4 SYSTEMPATH\CodeIgniter.php(353): CodeIgniter\CodeIgniter->handleRequest(null, Object(Config\Cache), false)
 5 FCPATH\index.php(79): CodeIgniter\CodeIgniter->run()
WARNING - 2024-09-01 03:34:37 --> [DEPRECATED] Creation of dynamic property App\Controllers\Properties\PropertiesController::$db is deprecated in APPPATH\Controllers\Properties\PropertiesController.php on line 14.
 1 SYSTEMPATH\CodeIgniter.php(891): App\Controllers\Properties\PropertiesController->__construct()
 2 SYSTEMPATH\CodeIgniter.php(485): CodeIgniter\CodeIgniter->createController()
 3 SYSTEMPATH\CodeIgniter.php(353): CodeIgniter\CodeIgniter->handleRequest(null, Object(Config\Cache), false)
 4 FCPATH\index.php(79): CodeIgniter\CodeIgniter->run()
INFO - 2024-09-01 03:34:37 --> Session: Class initialized using 'CodeIgniter\Session\Handlers\FileHandler' driver.
CRITICAL - 2024-09-01 03:34:37 --> Attempt to read property "id" on null
in APPPATH\Controllers\Properties\PropertiesController.php on line 58.
 1 APPPATH\Controllers\Properties\PropertiesController.php(58): CodeIgniter\Debug\Exceptions->errorHandler(2, 'Attempt to read property "id" on null', 'C:\\xampp\\htdocs\\ci-homeland\\app\\Controllers\\Properties\\PropertiesController.php', 58)
 2 SYSTEMPATH\CodeIgniter.php(919): App\Controllers\Properties\PropertiesController->propSingle('1')
 3 SYSTEMPATH\CodeIgniter.php(494): CodeIgniter\CodeIgniter->runController(Object(App\Controllers\Properties\PropertiesController))
 4 SYSTEMPATH\CodeIgniter.php(353): CodeIgniter\CodeIgniter->handleRequest(null, Object(Config\Cache), false)
 5 FCPATH\index.php(79): CodeIgniter\CodeIgniter->run()
WARNING - 2024-09-01 03:40:42 --> [DEPRECATED] Creation of dynamic property App\Controllers\Properties\PropertiesController::$db is deprecated in APPPATH\Controllers\Properties\PropertiesController.php on line 14.
 1 SYSTEMPATH\CodeIgniter.php(891): App\Controllers\Properties\PropertiesController->__construct()
 2 SYSTEMPATH\CodeIgniter.php(485): CodeIgniter\CodeIgniter->createController()
 3 SYSTEMPATH\CodeIgniter.php(353): CodeIgniter\CodeIgniter->handleRequest(null, Object(Config\Cache), false)
 4 FCPATH\index.php(79): CodeIgniter\CodeIgniter->run()
INFO - 2024-09-01 03:40:42 --> Session: Class initialized using 'CodeIgniter\Session\Handlers\FileHandler' driver.
CRITICAL - 2024-09-01 03:40:43 --> Attempt to read property "id" on null
in APPPATH\Controllers\Properties\PropertiesController.php on line 58.
 1 APPPATH\Controllers\Properties\PropertiesController.php(58): CodeIgniter\Debug\Exceptions->errorHandler(2, 'Attempt to read property "id" on null', 'C:\\xampp\\htdocs\\ci-homeland\\app\\Controllers\\Properties\\PropertiesController.php', 58)
 2 SYSTEMPATH\CodeIgniter.php(919): App\Controllers\Properties\PropertiesController->propSingle('4')
 3 SYSTEMPATH\CodeIgniter.php(494): CodeIgniter\CodeIgniter->runController(Object(App\Controllers\Properties\PropertiesController))
 4 SYSTEMPATH\CodeIgniter.php(353): CodeIgniter\CodeIgniter->handleRequest(null, Object(Config\Cache), false)
 5 FCPATH\index.php(79): CodeIgniter\CodeIgniter->run()
WARNING - 2024-09-01 03:40:45 --> [DEPRECATED] Creation of dynamic property App\Controllers\Properties\PropertiesController::$db is deprecated in APPPATH\Controllers\Properties\PropertiesController.php on line 14.
 1 SYSTEMPATH\CodeIgniter.php(891): App\Controllers\Properties\PropertiesController->__construct()
 2 SYSTEMPATH\CodeIgniter.php(485): CodeIgniter\CodeIgniter->createController()
 3 SYSTEMPATH\CodeIgniter.php(353): CodeIgniter\CodeIgniter->handleRequest(null, Object(Config\Cache), false)
 4 FCPATH\index.php(79): CodeIgniter\CodeIgniter->run()
INFO - 2024-09-01 03:40:46 --> Session: Class initialized using 'CodeIgniter\Session\Handlers\FileHandler' driver.
CRITICAL - 2024-09-01 03:40:46 --> Attempt to read property "id" on null
in APPPATH\Controllers\Properties\PropertiesController.php on line 58.
 1 APPPATH\Controllers\Properties\PropertiesController.php(58): CodeIgniter\Debug\Exceptions->errorHandler(2, 'Attempt to read property "id" on null', 'C:\\xampp\\htdocs\\ci-homeland\\app\\Controllers\\Properties\\PropertiesController.php', 58)
 2 SYSTEMPATH\CodeIgniter.php(919): App\Controllers\Properties\PropertiesController->propSingle('1')
 3 SYSTEMPATH\CodeIgniter.php(494): CodeIgniter\CodeIgniter->runController(Object(App\Controllers\Properties\PropertiesController))
 4 SYSTEMPATH\CodeIgniter.php(353): CodeIgniter\CodeIgniter->handleRequest(null, Object(Config\Cache), false)
 5 FCPATH\index.php(79): CodeIgniter\CodeIgniter->run()
WARNING - 2024-09-01 03:45:33 --> [DEPRECATED] Creation of dynamic property App\Controllers\Properties\PropertiesController::$db is deprecated in APPPATH\Controllers\Properties\PropertiesController.php on line 14.
 1 SYSTEMPATH\CodeIgniter.php(891): App\Controllers\Properties\PropertiesController->__construct()
 2 SYSTEMPATH\CodeIgniter.php(485): CodeIgniter\CodeIgniter->createController()
 3 SYSTEMPATH\CodeIgniter.php(353): CodeIgniter\CodeIgniter->handleRequest(null, Object(Config\Cache), false)
 4 FCPATH\index.php(79): CodeIgniter\CodeIgniter->run()
INFO - 2024-09-01 03:45:33 --> Session: Class initialized using 'CodeIgniter\Session\Handlers\FileHandler' driver.
INFO - 2024-09-01 03:45:36 --> Session: Class initialized using 'CodeIgniter\Session\Handlers\FileHandler' driver.
INFO - 2024-09-01 03:45:45 --> Session: Class initialized using 'CodeIgniter\Session\Handlers\FileHandler' driver.
INFO - 2024-09-01 03:45:48 --> Session: Class initialized using 'CodeIgniter\Session\Handlers\FileHandler' driver.
INFO - 2024-09-01 03:46:10 --> Session: Class initialized using 'CodeIgniter\Session\Handlers\FileHandler' driver.
INFO - 2024-09-01 03:46:12 --> Session: Class initialized using 'CodeIgniter\Session\Handlers\FileHandler' driver.
INFO - 2024-09-01 03:46:15 --> Session: Class initialized using 'CodeIgniter\Session\Handlers\FileHandler' driver.
INFO - 2024-09-01 03:46:31 --> Session: Class initialized using 'CodeIgniter\Session\Handlers\FileHandler' driver.
INFO - 2024-09-01 03:46:32 --> Session: Class initialized using 'CodeIgniter\Session\Handlers\FileHandler' driver.
INFO - 2024-09-01 03:46:35 --> Session: Class initialized using 'CodeIgniter\Session\Handlers\FileHandler' driver.
INFO - 2024-09-01 03:46:44 --> Session: Class initialized using 'CodeIgniter\Session\Handlers\FileHandler' driver.
INFO - 2024-09-01 03:46:46 --> Session: Class initialized using 'CodeIgniter\Session\Handlers\FileHandler' driver.
INFO - 2024-09-01 03:46:49 --> Session: Class initialized using 'CodeIgniter\Session\Handlers\FileHandler' driver.
INFO - 2024-09-01 03:47:19 --> Session: Class initialized using 'CodeIgniter\Session\Handlers\FileHandler' driver.
INFO - 2024-09-01 03:47:21 --> Session: Class initialized using 'CodeIgniter\Session\Handlers\FileHandler' driver.
INFO - 2024-09-01 03:47:23 --> Session: Class initialized using 'CodeIgniter\Session\Handlers\FileHandler' driver.
INFO - 2024-09-01 03:47:35 --> Session: Class initialized using 'CodeIgniter\Session\Handlers\FileHandler' driver.
INFO - 2024-09-01 03:47:38 --> Session: Class initialized using 'CodeIgniter\Session\Handlers\FileHandler' driver.
INFO - 2024-09-01 03:47:54 --> Session: Class initialized using 'CodeIgniter\Session\Handlers\FileHandler' driver.
INFO - 2024-09-01 03:47:56 --> Session: Class initialized using 'CodeIgniter\Session\Handlers\FileHandler' driver.
INFO - 2024-09-01 03:47:59 --> Session: Class initialized using 'CodeIgniter\Session\Handlers\FileHandler' driver.
INFO - 2024-09-01 03:48:05 --> Session: Class initialized using 'CodeIgniter\Session\Handlers\FileHandler' driver.
INFO - 2024-09-01 03:48:07 --> Session: Class initialized using 'CodeIgniter\Session\Handlers\FileHandler' driver.
INFO - 2024-09-01 03:48:08 --> Session: Class initialized using 'CodeIgniter\Session\Handlers\FileHandler' driver.
INFO - 2024-09-01 03:48:09 --> Session: Class initialized using 'CodeIgniter\Session\Handlers\FileHandler' driver.
INFO - 2024-09-01 03:49:07 --> Session: Class initialized using 'CodeIgniter\Session\Handlers\FileHandler' driver.
INFO - 2024-09-01 03:49:09 --> Session: Class initialized using 'CodeIgniter\Session\Handlers\FileHandler' driver.
INFO - 2024-09-01 03:49:12 --> Session: Class initialized using 'CodeIgniter\Session\Handlers\FileHandler' driver.
INFO - 2024-09-01 03:49:31 --> Session: Class initialized using 'CodeIgniter\Session\Handlers\FileHandler' driver.
INFO - 2024-09-01 03:49:34 --> Session: Class initialized using 'CodeIgniter\Session\Handlers\FileHandler' driver.
INFO - 2024-09-01 03:50:13 --> Session: Class initialized using 'CodeIgniter\Session\Handlers\FileHandler' driver.
INFO - 2024-09-01 03:50:15 --> Session: Class initialized using 'CodeIgniter\Session\Handlers\FileHandler' driver.
INFO - 2024-09-01 03:50:18 --> Session: Class initialized using 'CodeIgniter\Session\Handlers\FileHandler' driver.
INFO - 2024-09-01 03:50:57 --> Session: Class initialized using 'CodeIgniter\Session\Handlers\FileHandler' driver.
INFO - 2024-09-01 03:50:59 --> Session: Class initialized using 'CodeIgniter\Session\Handlers\FileHandler' driver.
WARNING - 2024-09-01 03:51:22 --> [DEPRECATED] Creation of dynamic property App\Controllers\Properties\PropertiesController::$db is deprecated in APPPATH\Controllers\Properties\PropertiesController.php on line 14.
 1 SYSTEMPATH\CodeIgniter.php(891): App\Controllers\Properties\PropertiesController->__construct()
 2 SYSTEMPATH\CodeIgniter.php(485): CodeIgniter\CodeIgniter->createController()
 3 SYSTEMPATH\CodeIgniter.php(353): CodeIgniter\CodeIgniter->handleRequest(null, Object(Config\Cache), false)
 4 FCPATH\index.php(79): CodeIgniter\CodeIgniter->run()
INFO - 2024-09-01 03:51:22 --> Session: Class initialized using 'CodeIgniter\Session\Handlers\FileHandler' driver.
INFO - 2024-09-01 03:51:25 --> Session: Class initialized using 'CodeIgniter\Session\Handlers\FileHandler' driver.
WARNING - 2024-09-01 03:52:27 --> [DEPRECATED] Creation of dynamic property App\Controllers\Properties\PropertiesController::$db is deprecated in APPPATH\Controllers\Properties\PropertiesController.php on line 14.
 1 SYSTEMPATH\CodeIgniter.php(891): App\Controllers\Properties\PropertiesController->__construct()
 2 SYSTEMPATH\CodeIgniter.php(485): CodeIgniter\CodeIgniter->createController()
 3 SYSTEMPATH\CodeIgniter.php(353): CodeIgniter\CodeIgniter->handleRequest(null, Object(Config\Cache), false)
 4 FCPATH\index.php(79): CodeIgniter\CodeIgniter->run()
INFO - 2024-09-01 03:52:27 --> Session: Class initialized using 'CodeIgniter\Session\Handlers\FileHandler' driver.
INFO - 2024-09-01 03:52:30 --> Session: Class initialized using 'CodeIgniter\Session\Handlers\FileHandler' driver.
WARNING - 2024-09-01 03:52:33 --> [DEPRECATED] Creation of dynamic property App\Controllers\Properties\PropertiesController::$db is deprecated in APPPATH\Controllers\Properties\PropertiesController.php on line 14.
 1 SYSTEMPATH\CodeIgniter.php(891): App\Controllers\Properties\PropertiesController->__construct()
 2 SYSTEMPATH\CodeIgniter.php(485): CodeIgniter\CodeIgniter->createController()
 3 SYSTEMPATH\CodeIgniter.php(353): CodeIgniter\CodeIgniter->handleRequest(null, Object(Config\Cache), false)
 4 FCPATH\index.php(79): CodeIgniter\CodeIgniter->run()
INFO - 2024-09-01 03:52:33 --> Session: Class initialized using 'CodeIgniter\Session\Handlers\FileHandler' driver.
INFO - 2024-09-01 03:52:35 --> Session: Class initialized using 'CodeIgniter\Session\Handlers\FileHandler' driver.
INFO - 2024-09-01 03:52:47 --> Session: Class initialized using 'CodeIgniter\Session\Handlers\FileHandler' driver.
INFO - 2024-09-01 03:52:50 --> Session: Class initialized using 'CodeIgniter\Session\Handlers\FileHandler' driver.
WARNING - 2024-09-01 03:52:58 --> [DEPRECATED] Creation of dynamic property App\Controllers\Properties\PropertiesController::$db is deprecated in APPPATH\Controllers\Properties\PropertiesController.php on line 14.
 1 SYSTEMPATH\CodeIgniter.php(891): App\Controllers\Properties\PropertiesController->__construct()
 2 SYSTEMPATH\CodeIgniter.php(485): CodeIgniter\CodeIgniter->createController()
 3 SYSTEMPATH\CodeIgniter.php(353): CodeIgniter\CodeIgniter->handleRequest(null, Object(Config\Cache), false)
 4 FCPATH\index.php(79): CodeIgniter\CodeIgniter->run()
INFO - 2024-09-01 03:52:58 --> Session: Class initialized using 'CodeIgniter\Session\Handlers\FileHandler' driver.
INFO - 2024-09-01 03:53:01 --> Session: Class initialized using 'CodeIgniter\Session\Handlers\FileHandler' driver.
WARNING - 2024-09-01 03:56:39 --> [DEPRECATED] Creation of dynamic property App\Controllers\Properties\PropertiesController::$db is deprecated in APPPATH\Controllers\Properties\PropertiesController.php on line 14.
 1 SYSTEMPATH\CodeIgniter.php(891): App\Controllers\Properties\PropertiesController->__construct()
 2 SYSTEMPATH\CodeIgniter.php(485): CodeIgniter\CodeIgniter->createController()
 3 SYSTEMPATH\CodeIgniter.php(353): CodeIgniter\CodeIgniter->handleRequest(null, Object(Config\Cache), false)
 4 FCPATH\index.php(79): CodeIgniter\CodeIgniter->run()
INFO - 2024-09-01 03:56:39 --> Session: Class initialized using 'CodeIgniter\Session\Handlers\FileHandler' driver.
INFO - 2024-09-01 03:56:42 --> Session: Class initialized using 'CodeIgniter\Session\Handlers\FileHandler' driver.
INFO - 2024-09-01 03:56:46 --> Session: Class initialized using 'CodeIgniter\Session\Handlers\FileHandler' driver.
INFO - 2024-09-01 03:56:49 --> Session: Class initialized using 'CodeIgniter\Session\Handlers\FileHandler' driver.
WARNING - 2024-09-01 03:56:55 --> [DEPRECATED] Creation of dynamic property App\Controllers\Properties\PropertiesController::$db is deprecated in APPPATH\Controllers\Properties\PropertiesController.php on line 14.
 1 SYSTEMPATH\CodeIgniter.php(891): App\Controllers\Properties\PropertiesController->__construct()
 2 SYSTEMPATH\CodeIgniter.php(485): CodeIgniter\CodeIgniter->createController()
 3 SYSTEMPATH\CodeIgniter.php(353): CodeIgniter\CodeIgniter->handleRequest(null, Object(Config\Cache), false)
 4 FCPATH\index.php(79): CodeIgniter\CodeIgniter->run()
INFO - 2024-09-01 03:56:55 --> Session: Class initialized using 'CodeIgniter\Session\Handlers\FileHandler' driver.
INFO - 2024-09-01 03:56:59 --> Session: Class initialized using 'CodeIgniter\Session\Handlers\FileHandler' driver.
WARNING - 2024-09-01 04:02:18 --> [DEPRECATED] Creation of dynamic property App\Controllers\Properties\PropertiesController::$db is deprecated in APPPATH\Controllers\Properties\PropertiesController.php on line 14.
 1 SYSTEMPATH\CodeIgniter.php(891): App\Controllers\Properties\PropertiesController->__construct()
 2 SYSTEMPATH\CodeIgniter.php(485): CodeIgniter\CodeIgniter->createController()
 3 SYSTEMPATH\CodeIgniter.php(353): CodeIgniter\CodeIgniter->handleRequest(null, Object(Config\Cache), false)
 4 FCPATH\index.php(79): CodeIgniter\CodeIgniter->run()
INFO - 2024-09-01 04:02:18 --> Session: Class initialized using 'CodeIgniter\Session\Handlers\FileHandler' driver.
INFO - 2024-09-01 04:02:21 --> Session: Class initialized using 'CodeIgniter\Session\Handlers\FileHandler' driver.
INFO - 2024-09-01 04:03:42 --> Session: Class initialized using 'CodeIgniter\Session\Handlers\FileHandler' driver.
INFO - 2024-09-01 04:03:45 --> Session: Class initialized using 'CodeIgniter\Session\Handlers\FileHandler' driver.
WARNING - 2024-09-01 04:03:51 --> [DEPRECATED] Creation of dynamic property App\Controllers\Properties\PropertiesController::$db is deprecated in APPPATH\Controllers\Properties\PropertiesController.php on line 14.
 1 SYSTEMPATH\CodeIgniter.php(891): App\Controllers\Properties\PropertiesController->__construct()
 2 SYSTEMPATH\CodeIgniter.php(485): CodeIgniter\CodeIgniter->createController()
 3 SYSTEMPATH\CodeIgniter.php(353): CodeIgniter\CodeIgniter->handleRequest(null, Object(Config\Cache), false)
 4 FCPATH\index.php(79): CodeIgniter\CodeIgniter->run()
INFO - 2024-09-01 04:03:51 --> Session: Class initialized using 'CodeIgniter\Session\Handlers\FileHandler' driver.
INFO - 2024-09-01 04:03:54 --> Session: Class initialized using 'CodeIgniter\Session\Handlers\FileHandler' driver.
WARNING - 2024-09-01 04:04:26 --> [DEPRECATED] Creation of dynamic property App\Controllers\Properties\PropertiesController::$db is deprecated in APPPATH\Controllers\Properties\PropertiesController.php on line 14.
 1 SYSTEMPATH\CodeIgniter.php(891): App\Controllers\Properties\PropertiesController->__construct()
 2 SYSTEMPATH\CodeIgniter.php(485): CodeIgniter\CodeIgniter->createController()
 3 SYSTEMPATH\CodeIgniter.php(353): CodeIgniter\CodeIgniter->handleRequest(null, Object(Config\Cache), false)
 4 FCPATH\index.php(79): CodeIgniter\CodeIgniter->run()
INFO - 2024-09-01 04:04:26 --> Session: Class initialized using 'CodeIgniter\Session\Handlers\FileHandler' driver.
CRITICAL - 2024-09-01 04:04:27 --> Undefined variable $requests
in APPPATH\Controllers\Properties\PropertiesController.php on line 85.
 1 APPPATH\Controllers\Properties\PropertiesController.php(85): CodeIgniter\Debug\Exceptions->errorHandler(2, 'Undefined variable $requests', 'C:\\xampp\\htdocs\\ci-homeland\\app\\Controllers\\Properties\\PropertiesController.php', 85)
 2 SYSTEMPATH\CodeIgniter.php(919): App\Controllers\Properties\PropertiesController->sendRequest('2')
 3 SYSTEMPATH\CodeIgniter.php(494): CodeIgniter\CodeIgniter->runController(Object(App\Controllers\Properties\PropertiesController))
 4 SYSTEMPATH\CodeIgniter.php(353): CodeIgniter\CodeIgniter->handleRequest(null, Object(Config\Cache), false)
 5 FCPATH\index.php(79): CodeIgniter\CodeIgniter->run()
WARNING - 2024-09-01 04:05:10 --> [DEPRECATED] Creation of dynamic property App\Controllers\Properties\PropertiesController::$db is deprecated in APPPATH\Controllers\Properties\PropertiesController.php on line 14.
 1 SYSTEMPATH\CodeIgniter.php(891): App\Controllers\Properties\PropertiesController->__construct()
 2 SYSTEMPATH\CodeIgniter.php(485): CodeIgniter\CodeIgniter->createController()
 3 SYSTEMPATH\CodeIgniter.php(353): CodeIgniter\CodeIgniter->handleRequest(null, Object(Config\Cache), false)
 4 FCPATH\index.php(79): CodeIgniter\CodeIgniter->run()
INFO - 2024-09-01 04:05:10 --> Session: Class initialized using 'CodeIgniter\Session\Handlers\FileHandler' driver.
WARNING - 2024-09-01 04:05:12 --> [DEPRECATED] Creation of dynamic property App\Controllers\Properties\PropertiesController::$db is deprecated in APPPATH\Controllers\Properties\PropertiesController.php on line 14.
 1 SYSTEMPATH\CodeIgniter.php(891): App\Controllers\Properties\PropertiesController->__construct()
 2 SYSTEMPATH\CodeIgniter.php(485): CodeIgniter\CodeIgniter->createController()
 3 SYSTEMPATH\CodeIgniter.php(353): CodeIgniter\CodeIgniter->handleRequest(null, Object(Config\Cache), false)
 4 FCPATH\index.php(79): CodeIgniter\CodeIgniter->run()
INFO - 2024-09-01 04:05:12 --> Session: Class initialized using 'CodeIgniter\Session\Handlers\FileHandler' driver.
INFO - 2024-09-01 04:05:15 --> Session: Class initialized using 'CodeIgniter\Session\Handlers\FileHandler' driver.
WARNING - 2024-09-01 04:06:07 --> [DEPRECATED] Creation of dynamic property App\Controllers\Properties\PropertiesController::$db is deprecated in APPPATH\Controllers\Properties\PropertiesController.php on line 14.
 1 SYSTEMPATH\CodeIgniter.php(891): App\Controllers\Properties\PropertiesController->__construct()
 2 SYSTEMPATH\CodeIgniter.php(485): CodeIgniter\CodeIgniter->createController()
 3 SYSTEMPATH\CodeIgniter.php(353): CodeIgniter\CodeIgniter->handleRequest(null, Object(Config\Cache), false)
 4 FCPATH\index.php(79): CodeIgniter\CodeIgniter->run()
INFO - 2024-09-01 04:06:07 --> Session: Class initialized using 'CodeIgniter\Session\Handlers\FileHandler' driver.
INFO - 2024-09-01 04:06:10 --> Session: Class initialized using 'CodeIgniter\Session\Handlers\FileHandler' driver.
WARNING - 2024-09-01 04:07:55 --> [DEPRECATED] Creation of dynamic property App\Controllers\Properties\PropertiesController::$db is deprecated in APPPATH\Controllers\Properties\PropertiesController.php on line 14.
 1 SYSTEMPATH\CodeIgniter.php(891): App\Controllers\Properties\PropertiesController->__construct()
 2 SYSTEMPATH\CodeIgniter.php(485): CodeIgniter\CodeIgniter->createController()
 3 SYSTEMPATH\CodeIgniter.php(353): CodeIgniter\CodeIgniter->handleRequest(null, Object(Config\Cache), false)
 4 FCPATH\index.php(79): CodeIgniter\CodeIgniter->run()
INFO - 2024-09-01 04:07:55 --> Session: Class initialized using 'CodeIgniter\Session\Handlers\FileHandler' driver.
WARNING - 2024-09-01 04:07:57 --> [DEPRECATED] Creation of dynamic property App\Controllers\Properties\PropertiesController::$db is deprecated in APPPATH\Controllers\Properties\PropertiesController.php on line 14.
 1 SYSTEMPATH\CodeIgniter.php(891): App\Controllers\Properties\PropertiesController->__construct()
 2 SYSTEMPATH\CodeIgniter.php(485): CodeIgniter\CodeIgniter->createController()
 3 SYSTEMPATH\CodeIgniter.php(353): CodeIgniter\CodeIgniter->handleRequest(null, Object(Config\Cache), false)
 4 FCPATH\index.php(79): CodeIgniter\CodeIgniter->run()
INFO - 2024-09-01 04:07:57 --> Session: Class initialized using 'CodeIgniter\Session\Handlers\FileHandler' driver.
INFO - 2024-09-01 04:08:00 --> Session: Class initialized using 'CodeIgniter\Session\Handlers\FileHandler' driver.
WARNING - 2024-09-01 04:08:07 --> [DEPRECATED] Creation of dynamic property App\Controllers\Properties\PropertiesController::$db is deprecated in APPPATH\Controllers\Properties\PropertiesController.php on line 14.
 1 SYSTEMPATH\CodeIgniter.php(891): App\Controllers\Properties\PropertiesController->__construct()
 2 SYSTEMPATH\CodeIgniter.php(485): CodeIgniter\CodeIgniter->createController()
 3 SYSTEMPATH\CodeIgniter.php(353): CodeIgniter\CodeIgniter->handleRequest(null, Object(Config\Cache), false)
 4 FCPATH\index.php(79): CodeIgniter\CodeIgniter->run()
INFO - 2024-09-01 04:08:07 --> Session: Class initialized using 'CodeIgniter\Session\Handlers\FileHandler' driver.
INFO - 2024-09-01 04:08:10 --> Session: Class initialized using 'CodeIgniter\Session\Handlers\FileHandler' driver.
INFO - 2024-09-01 04:08:12 --> Session: Class initialized using 'CodeIgniter\Session\Handlers\FileHandler' driver.
INFO - 2024-09-01 04:08:15 --> Session: Class initialized using 'CodeIgniter\Session\Handlers\FileHandler' driver.
WARNING - 2024-09-01 04:08:17 --> [DEPRECATED] Creation of dynamic property App\Controllers\Properties\PropertiesController::$db is deprecated in APPPATH\Controllers\Properties\PropertiesController.php on line 14.
 1 SYSTEMPATH\CodeIgniter.php(891): App\Controllers\Properties\PropertiesController->__construct()
 2 SYSTEMPATH\CodeIgniter.php(485): CodeIgniter\CodeIgniter->createController()
 3 SYSTEMPATH\CodeIgniter.php(353): CodeIgniter\CodeIgniter->handleRequest(null, Object(Config\Cache), false)
 4 FCPATH\index.php(79): CodeIgniter\CodeIgniter->run()
INFO - 2024-09-01 04:08:17 --> Session: Class initialized using 'CodeIgniter\Session\Handlers\FileHandler' driver.
INFO - 2024-09-01 04:08:20 --> Session: Class initialized using 'CodeIgniter\Session\Handlers\FileHandler' driver.
INFO - 2024-09-01 04:08:29 --> Session: Class initialized using 'CodeIgniter\Session\Handlers\FileHandler' driver.
INFO - 2024-09-01 04:08:31 --> Session: Class initialized using 'CodeIgniter\Session\Handlers\FileHandler' driver.
WARNING - 2024-09-01 04:08:31 --> [DEPRECATED] Creation of dynamic property App\Controllers\Properties\PropertiesController::$db is deprecated in APPPATH\Controllers\Properties\PropertiesController.php on line 14.
 1 SYSTEMPATH\CodeIgniter.php(891): App\Controllers\Properties\PropertiesController->__construct()
 2 SYSTEMPATH\CodeIgniter.php(485): CodeIgniter\CodeIgniter->createController()
 3 SYSTEMPATH\CodeIgniter.php(353): CodeIgniter\CodeIgniter->handleRequest(null, Object(Config\Cache), false)
 4 FCPATH\index.php(79): CodeIgniter\CodeIgniter->run()
INFO - 2024-09-01 04:08:31 --> Session: Class initialized using 'CodeIgniter\Session\Handlers\FileHandler' driver.
INFO - 2024-09-01 04:08:33 --> Session: Class initialized using 'CodeIgniter\Session\Handlers\FileHandler' driver.
WARNING - 2024-09-01 04:08:35 --> [DEPRECATED] Creation of dynamic property App\Controllers\Properties\PropertiesController::$db is deprecated in APPPATH\Controllers\Properties\PropertiesController.php on line 14.
 1 SYSTEMPATH\CodeIgniter.php(891): App\Controllers\Properties\PropertiesController->__construct()
 2 SYSTEMPATH\CodeIgniter.php(485): CodeIgniter\CodeIgniter->createController()
 3 SYSTEMPATH\CodeIgniter.php(353): CodeIgniter\CodeIgniter->handleRequest(null, Object(Config\Cache), false)
 4 FCPATH\index.php(79): CodeIgniter\CodeIgniter->run()
INFO - 2024-09-01 04:08:35 --> Session: Class initialized using 'CodeIgniter\Session\Handlers\FileHandler' driver.
INFO - 2024-09-01 04:08:37 --> Session: Class initialized using 'CodeIgniter\Session\Handlers\FileHandler' driver.
INFO - 2024-09-01 04:28:44 --> Session: Class initialized using 'CodeIgniter\Session\Handlers\FileHandler' driver.
INFO - 2024-09-01 04:28:47 --> Session: Class initialized using 'CodeIgniter\Session\Handlers\FileHandler' driver.
WARNING - 2024-09-01 04:28:50 --> [DEPRECATED] Creation of dynamic property App\Controllers\Properties\PropertiesController::$db is deprecated in APPPATH\Controllers\Properties\PropertiesController.php on line 14.
 1 SYSTEMPATH\CodeIgniter.php(891): App\Controllers\Properties\PropertiesController->__construct()
 2 SYSTEMPATH\CodeIgniter.php(485): CodeIgniter\CodeIgniter->createController()
 3 SYSTEMPATH\CodeIgniter.php(353): CodeIgniter\CodeIgniter->handleRequest(null, Object(Config\Cache), false)
 4 FCPATH\index.php(79): CodeIgniter\CodeIgniter->run()
INFO - 2024-09-01 04:28:50 --> Session: Class initialized using 'CodeIgniter\Session\Handlers\FileHandler' driver.
INFO - 2024-09-01 04:28:53 --> Session: Class initialized using 'CodeIgniter\Session\Handlers\FileHandler' driver.
WARNING - 2024-09-01 04:32:40 --> [DEPRECATED] Creation of dynamic property App\Controllers\Properties\PropertiesController::$db is deprecated in APPPATH\Controllers\Properties\PropertiesController.php on line 14.
 1 SYSTEMPATH\CodeIgniter.php(891): App\Controllers\Properties\PropertiesController->__construct()
 2 SYSTEMPATH\CodeIgniter.php(485): CodeIgniter\CodeIgniter->createController()
 3 SYSTEMPATH\CodeIgniter.php(353): CodeIgniter\CodeIgniter->handleRequest(null, Object(Config\Cache), false)
 4 FCPATH\index.php(79): CodeIgniter\CodeIgniter->run()
INFO - 2024-09-01 04:32:40 --> Session: Class initialized using 'CodeIgniter\Session\Handlers\FileHandler' driver.
INFO - 2024-09-01 04:32:43 --> Session: Class initialized using 'CodeIgniter\Session\Handlers\FileHandler' driver.
INFO - 2024-09-01 04:55:51 --> Session: Class initialized using 'CodeIgniter\Session\Handlers\FileHandler' driver.
INFO - 2024-09-01 04:55:55 --> Session: Class initialized using 'CodeIgniter\Session\Handlers\FileHandler' driver.
WARNING - 2024-09-01 04:55:57 --> [DEPRECATED] Creation of dynamic property App\Controllers\Properties\PropertiesController::$db is deprecated in APPPATH\Controllers\Properties\PropertiesController.php on line 16.
 1 SYSTEMPATH\CodeIgniter.php(891): App\Controllers\Properties\PropertiesController->__construct()
 2 SYSTEMPATH\CodeIgniter.php(485): CodeIgniter\CodeIgniter->createController()
 3 SYSTEMPATH\CodeIgniter.php(353): CodeIgniter\CodeIgniter->handleRequest(null, Object(Config\Cache), false)
 4 FCPATH\index.php(79): CodeIgniter\CodeIgniter->run()
INFO - 2024-09-01 04:55:57 --> Session: Class initialized using 'CodeIgniter\Session\Handlers\FileHandler' driver.
INFO - 2024-09-01 04:56:00 --> Session: Class initialized using 'CodeIgniter\Session\Handlers\FileHandler' driver.
WARNING - 2024-09-01 04:56:18 --> [DEPRECATED] Creation of dynamic property App\Controllers\Properties\PropertiesController::$db is deprecated in APPPATH\Controllers\Properties\PropertiesController.php on line 16.
 1 SYSTEMPATH\CodeIgniter.php(891): App\Controllers\Properties\PropertiesController->__construct()
 2 SYSTEMPATH\CodeIgniter.php(485): CodeIgniter\CodeIgniter->createController()
 3 SYSTEMPATH\CodeIgniter.php(353): CodeIgniter\CodeIgniter->handleRequest(null, Object(Config\Cache), false)
 4 FCPATH\index.php(79): CodeIgniter\CodeIgniter->run()
INFO - 2024-09-01 04:56:18 --> Session: Class initialized using 'CodeIgniter\Session\Handlers\FileHandler' driver.
WARNING - 2024-09-01 04:56:20 --> [DEPRECATED] Creation of dynamic property App\Controllers\Properties\PropertiesController::$db is deprecated in APPPATH\Controllers\Properties\PropertiesController.php on line 16.
 1 SYSTEMPATH\CodeIgniter.php(891): App\Controllers\Properties\PropertiesController->__construct()
 2 SYSTEMPATH\CodeIgniter.php(485): CodeIgniter\CodeIgniter->createController()
 3 SYSTEMPATH\CodeIgniter.php(353): CodeIgniter\CodeIgniter->handleRequest(null, Object(Config\Cache), false)
 4 FCPATH\index.php(79): CodeIgniter\CodeIgniter->run()
INFO - 2024-09-01 04:56:20 --> Session: Class initialized using 'CodeIgniter\Session\Handlers\FileHandler' driver.
INFO - 2024-09-01 04:56:23 --> Session: Class initialized using 'CodeIgniter\Session\Handlers\FileHandler' driver.
WARNING - 2024-09-01 05:04:02 --> [DEPRECATED] Creation of dynamic property App\Controllers\Properties\PropertiesController::$db is deprecated in APPPATH\Controllers\Properties\PropertiesController.php on line 16.
 1 SYSTEMPATH\CodeIgniter.php(891): App\Controllers\Properties\PropertiesController->__construct()
 2 SYSTEMPATH\CodeIgniter.php(485): CodeIgniter\CodeIgniter->createController()
 3 SYSTEMPATH\CodeIgniter.php(353): CodeIgniter\CodeIgniter->handleRequest(null, Object(Config\Cache), false)
 4 FCPATH\index.php(79): CodeIgniter\CodeIgniter->run()
INFO - 2024-09-01 05:04:02 --> Session: Class initialized using 'CodeIgniter\Session\Handlers\FileHandler' driver.
INFO - 2024-09-01 05:04:05 --> Session: Class initialized using 'CodeIgniter\Session\Handlers\FileHandler' driver.
INFO - 2024-09-01 05:07:43 --> Session: Class initialized using 'CodeIgniter\Session\Handlers\FileHandler' driver.
INFO - 2024-09-01 05:07:46 --> Session: Class initialized using 'CodeIgniter\Session\Handlers\FileHandler' driver.
INFO - 2024-09-01 05:34:04 --> Session: Class initialized using 'CodeIgniter\Session\Handlers\FileHandler' driver.
INFO - 2024-09-01 05:34:07 --> Session: Class initialized using 'CodeIgniter\Session\Handlers\FileHandler' driver.
WARNING - 2024-09-01 05:34:09 --> [DEPRECATED] Creation of dynamic property App\Controllers\Properties\PropertiesController::$db is deprecated in APPPATH\Controllers\Properties\PropertiesController.php on line 16.
 1 SYSTEMPATH\CodeIgniter.php(891): App\Controllers\Properties\PropertiesController->__construct()
 2 SYSTEMPATH\CodeIgniter.php(485): CodeIgniter\CodeIgniter->createController()
 3 SYSTEMPATH\CodeIgniter.php(353): CodeIgniter\CodeIgniter->handleRequest(null, Object(Config\Cache), false)
 4 FCPATH\index.php(79): CodeIgniter\CodeIgniter->run()
INFO - 2024-09-01 05:34:10 --> Session: Class initialized using 'CodeIgniter\Session\Handlers\FileHandler' driver.
INFO - 2024-09-01 05:34:13 --> Session: Class initialized using 'CodeIgniter\Session\Handlers\FileHandler' driver.
WARNING - 2024-09-01 05:34:41 --> [DEPRECATED] Creation of dynamic property App\Controllers\Properties\PropertiesController::$db is deprecated in APPPATH\Controllers\Properties\PropertiesController.php on line 16.
 1 SYSTEMPATH\CodeIgniter.php(891): App\Controllers\Properties\PropertiesController->__construct()
 2 SYSTEMPATH\CodeIgniter.php(485): CodeIgniter\CodeIgniter->createController()
 3 SYSTEMPATH\CodeIgniter.php(353): CodeIgniter\CodeIgniter->handleRequest(null, Object(Config\Cache), false)
 4 FCPATH\index.php(79): CodeIgniter\CodeIgniter->run()
INFO - 2024-09-01 05:34:41 --> Session: Class initialized using 'CodeIgniter\Session\Handlers\FileHandler' driver.
INFO - 2024-09-01 05:34:44 --> Session: Class initialized using 'CodeIgniter\Session\Handlers\FileHandler' driver.
WARNING - 2024-09-01 05:35:14 --> [DEPRECATED] Creation of dynamic property App\Controllers\Properties\PropertiesController::$db is deprecated in APPPATH\Controllers\Properties\PropertiesController.php on line 16.
 1 SYSTEMPATH\CodeIgniter.php(891): App\Controllers\Properties\PropertiesController->__construct()
 2 SYSTEMPATH\CodeIgniter.php(485): CodeIgniter\CodeIgniter->createController()
 3 SYSTEMPATH\CodeIgniter.php(353): CodeIgniter\CodeIgniter->handleRequest(null, Object(Config\Cache), false)
 4 FCPATH\index.php(79): CodeIgniter\CodeIgniter->run()
INFO - 2024-09-01 05:35:14 --> Session: Class initialized using 'CodeIgniter\Session\Handlers\FileHandler' driver.
INFO - 2024-09-01 05:35:17 --> Session: Class initialized using 'CodeIgniter\Session\Handlers\FileHandler' driver.
WARNING - 2024-09-01 05:35:19 --> [DEPRECATED] Creation of dynamic property App\Controllers\Properties\PropertiesController::$db is deprecated in APPPATH\Controllers\Properties\PropertiesController.php on line 16.
 1 SYSTEMPATH\CodeIgniter.php(891): App\Controllers\Properties\PropertiesController->__construct()
 2 SYSTEMPATH\CodeIgniter.php(485): CodeIgniter\CodeIgniter->createController()
 3 SYSTEMPATH\CodeIgniter.php(353): CodeIgniter\CodeIgniter->handleRequest(null, Object(Config\Cache), false)
 4 FCPATH\index.php(79): CodeIgniter\CodeIgniter->run()
INFO - 2024-09-01 05:35:19 --> Session: Class initialized using 'CodeIgniter\Session\Handlers\FileHandler' driver.
INFO - 2024-09-01 05:35:21 --> Session: Class initialized using 'CodeIgniter\Session\Handlers\FileHandler' driver.
WARNING - 2024-09-01 05:36:30 --> [DEPRECATED] Creation of dynamic property App\Controllers\Properties\PropertiesController::$db is deprecated in APPPATH\Controllers\Properties\PropertiesController.php on line 16.
 1 SYSTEMPATH\CodeIgniter.php(891): App\Controllers\Properties\PropertiesController->__construct()
 2 SYSTEMPATH\CodeIgniter.php(485): CodeIgniter\CodeIgniter->createController()
 3 SYSTEMPATH\CodeIgniter.php(353): CodeIgniter\CodeIgniter->handleRequest(null, Object(Config\Cache), false)
 4 FCPATH\index.php(79): CodeIgniter\CodeIgniter->run()
INFO - 2024-09-01 05:36:30 --> Session: Class initialized using 'CodeIgniter\Session\Handlers\FileHandler' driver.
INFO - 2024-09-01 05:36:33 --> Session: Class initialized using 'CodeIgniter\Session\Handlers\FileHandler' driver.
WARNING - 2024-09-01 05:39:53 --> [DEPRECATED] Creation of dynamic property App\Controllers\Properties\PropertiesController::$db is deprecated in APPPATH\Controllers\Properties\PropertiesController.php on line 16.
 1 SYSTEMPATH\CodeIgniter.php(891): App\Controllers\Properties\PropertiesController->__construct()
 2 SYSTEMPATH\CodeIgniter.php(485): CodeIgniter\CodeIgniter->createController()
 3 SYSTEMPATH\CodeIgniter.php(353): CodeIgniter\CodeIgniter->handleRequest(null, Object(Config\Cache), false)
 4 FCPATH\index.php(79): CodeIgniter\CodeIgniter->run()
INFO - 2024-09-01 05:39:53 --> Session: Class initialized using 'CodeIgniter\Session\Handlers\FileHandler' driver.
INFO - 2024-09-01 05:39:57 --> Session: Class initialized using 'CodeIgniter\Session\Handlers\FileHandler' driver.
WARNING - 2024-09-01 05:44:56 --> [DEPRECATED] Creation of dynamic property App\Controllers\Properties\PropertiesController::$db is deprecated in APPPATH\Controllers\Properties\PropertiesController.php on line 16.
 1 SYSTEMPATH\CodeIgniter.php(891): App\Controllers\Properties\PropertiesController->__construct()
 2 SYSTEMPATH\CodeIgniter.php(485): CodeIgniter\CodeIgniter->createController()
 3 SYSTEMPATH\CodeIgniter.php(353): CodeIgniter\CodeIgniter->handleRequest(null, Object(Config\Cache), false)
 4 FCPATH\index.php(79): CodeIgniter\CodeIgniter->run()
INFO - 2024-09-01 05:44:56 --> Session: Class initialized using 'CodeIgniter\Session\Handlers\FileHandler' driver.
INFO - 2024-09-01 05:44:59 --> Session: Class initialized using 'CodeIgniter\Session\Handlers\FileHandler' driver.
WARNING - 2024-09-01 05:45:37 --> [DEPRECATED] Creation of dynamic property App\Controllers\Properties\PropertiesController::$db is deprecated in APPPATH\Controllers\Properties\PropertiesController.php on line 16.
 1 SYSTEMPATH\CodeIgniter.php(891): App\Controllers\Properties\PropertiesController->__construct()
 2 SYSTEMPATH\CodeIgniter.php(485): CodeIgniter\CodeIgniter->createController()
 3 SYSTEMPATH\CodeIgniter.php(353): CodeIgniter\CodeIgniter->handleRequest(null, Object(Config\Cache), false)
 4 FCPATH\index.php(79): CodeIgniter\CodeIgniter->run()
INFO - 2024-09-01 05:45:37 --> Session: Class initialized using 'CodeIgniter\Session\Handlers\FileHandler' driver.
INFO - 2024-09-01 05:45:40 --> Session: Class initialized using 'CodeIgniter\Session\Handlers\FileHandler' driver.
WARNING - 2024-09-01 05:54:24 --> [DEPRECATED] Creation of dynamic property App\Controllers\Properties\PropertiesController::$db is deprecated in APPPATH\Controllers\Properties\PropertiesController.php on line 16.
 1 SYSTEMPATH\CodeIgniter.php(891): App\Controllers\Properties\PropertiesController->__construct()
 2 SYSTEMPATH\CodeIgniter.php(485): CodeIgniter\CodeIgniter->createController()
 3 SYSTEMPATH\CodeIgniter.php(353): CodeIgniter\CodeIgniter->handleRequest(null, Object(Config\Cache), false)
 4 FCPATH\index.php(79): CodeIgniter\CodeIgniter->run()
INFO - 2024-09-01 05:54:24 --> Session: Class initialized using 'CodeIgniter\Session\Handlers\FileHandler' driver.
INFO - 2024-09-01 05:54:27 --> Session: Class initialized using 'CodeIgniter\Session\Handlers\FileHandler' driver.
WARNING - 2024-09-01 05:54:28 --> [DEPRECATED] Creation of dynamic property App\Controllers\Properties\PropertiesController::$db is deprecated in APPPATH\Controllers\Properties\PropertiesController.php on line 16.
 1 SYSTEMPATH\CodeIgniter.php(891): App\Controllers\Properties\PropertiesController->__construct()
 2 SYSTEMPATH\CodeIgniter.php(485): CodeIgniter\CodeIgniter->createController()
 3 SYSTEMPATH\CodeIgniter.php(353): CodeIgniter\CodeIgniter->handleRequest(null, Object(Config\Cache), false)
 4 FCPATH\index.php(79): CodeIgniter\CodeIgniter->run()
INFO - 2024-09-01 05:54:28 --> Session: Class initialized using 'CodeIgniter\Session\Handlers\FileHandler' driver.
INFO - 2024-09-01 05:54:31 --> Session: Class initialized using 'CodeIgniter\Session\Handlers\FileHandler' driver.
WARNING - 2024-09-01 05:55:00 --> [DEPRECATED] Creation of dynamic property App\Controllers\Properties\PropertiesController::$db is deprecated in APPPATH\Controllers\Properties\PropertiesController.php on line 16.
 1 SYSTEMPATH\CodeIgniter.php(891): App\Controllers\Properties\PropertiesController->__construct()
 2 SYSTEMPATH\CodeIgniter.php(485): CodeIgniter\CodeIgniter->createController()
 3 SYSTEMPATH\CodeIgniter.php(353): CodeIgniter\CodeIgniter->handleRequest(null, Object(Config\Cache), false)
 4 FCPATH\index.php(79): CodeIgniter\CodeIgniter->run()
INFO - 2024-09-01 05:55:01 --> Session: Class initialized using 'CodeIgniter\Session\Handlers\FileHandler' driver.
WARNING - 2024-09-01 05:55:02 --> [DEPRECATED] Creation of dynamic property App\Controllers\Properties\PropertiesController::$db is deprecated in APPPATH\Controllers\Properties\PropertiesController.php on line 16.
 1 SYSTEMPATH\CodeIgniter.php(891): App\Controllers\Properties\PropertiesController->__construct()
 2 SYSTEMPATH\CodeIgniter.php(485): CodeIgniter\CodeIgniter->createController()
 3 SYSTEMPATH\CodeIgniter.php(353): CodeIgniter\CodeIgniter->handleRequest(null, Object(Config\Cache), false)
 4 FCPATH\index.php(79): CodeIgniter\CodeIgniter->run()
INFO - 2024-09-01 05:55:02 --> Session: Class initialized using 'CodeIgniter\Session\Handlers\FileHandler' driver.
INFO - 2024-09-01 05:55:04 --> Session: Class initialized using 'CodeIgniter\Session\Handlers\FileHandler' driver.
INFO - 2024-09-01 05:55:05 --> Session: Class initialized using 'CodeIgniter\Session\Handlers\FileHandler' driver.
WARNING - 2024-09-01 05:57:16 --> [DEPRECATED] Creation of dynamic property App\Controllers\Properties\PropertiesController::$db is deprecated in APPPATH\Controllers\Properties\PropertiesController.php on line 16.
 1 SYSTEMPATH\CodeIgniter.php(891): App\Controllers\Properties\PropertiesController->__construct()
 2 SYSTEMPATH\CodeIgniter.php(485): CodeIgniter\CodeIgniter->createController()
 3 SYSTEMPATH\CodeIgniter.php(353): CodeIgniter\CodeIgniter->handleRequest(null, Object(Config\Cache), false)
 4 FCPATH\index.php(79): CodeIgniter\CodeIgniter->run()
INFO - 2024-09-01 05:57:16 --> Session: Class initialized using 'CodeIgniter\Session\Handlers\FileHandler' driver.
INFO - 2024-09-01 05:57:19 --> Session: Class initialized using 'CodeIgniter\Session\Handlers\FileHandler' driver.
WARNING - 2024-09-01 05:57:24 --> [DEPRECATED] Creation of dynamic property App\Controllers\Properties\PropertiesController::$db is deprecated in APPPATH\Controllers\Properties\PropertiesController.php on line 16.
 1 SYSTEMPATH\CodeIgniter.php(891): App\Controllers\Properties\PropertiesController->__construct()
 2 SYSTEMPATH\CodeIgniter.php(485): CodeIgniter\CodeIgniter->createController()
 3 SYSTEMPATH\CodeIgniter.php(353): CodeIgniter\CodeIgniter->handleRequest(null, Object(Config\Cache), false)
 4 FCPATH\index.php(79): CodeIgniter\CodeIgniter->run()
INFO - 2024-09-01 05:57:24 --> Session: Class initialized using 'CodeIgniter\Session\Handlers\FileHandler' driver.
INFO - 2024-09-01 05:57:27 --> Session: Class initialized using 'CodeIgniter\Session\Handlers\FileHandler' driver.
WARNING - 2024-09-01 05:57:32 --> [DEPRECATED] Creation of dynamic property App\Controllers\Properties\PropertiesController::$db is deprecated in APPPATH\Controllers\Properties\PropertiesController.php on line 16.
 1 SYSTEMPATH\CodeIgniter.php(891): App\Controllers\Properties\PropertiesController->__construct()
 2 SYSTEMPATH\CodeIgniter.php(485): CodeIgniter\CodeIgniter->createController()
 3 SYSTEMPATH\CodeIgniter.php(353): CodeIgniter\CodeIgniter->handleRequest(null, Object(Config\Cache), false)
 4 FCPATH\index.php(79): CodeIgniter\CodeIgniter->run()
INFO - 2024-09-01 05:57:32 --> Session: Class initialized using 'CodeIgniter\Session\Handlers\FileHandler' driver.
INFO - 2024-09-01 05:57:34 --> Session: Class initialized using 'CodeIgniter\Session\Handlers\FileHandler' driver.
WARNING - 2024-09-01 05:57:38 --> [DEPRECATED] Creation of dynamic property App\Controllers\Properties\PropertiesController::$db is deprecated in APPPATH\Controllers\Properties\PropertiesController.php on line 16.
 1 SYSTEMPATH\CodeIgniter.php(891): App\Controllers\Properties\PropertiesController->__construct()
 2 SYSTEMPATH\CodeIgniter.php(485): CodeIgniter\CodeIgniter->createController()
 3 SYSTEMPATH\CodeIgniter.php(353): CodeIgniter\CodeIgniter->handleRequest(null, Object(Config\Cache), false)
 4 FCPATH\index.php(79): CodeIgniter\CodeIgniter->run()
INFO - 2024-09-01 05:57:38 --> Session: Class initialized using 'CodeIgniter\Session\Handlers\FileHandler' driver.
INFO - 2024-09-01 05:57:41 --> Session: Class initialized using 'CodeIgniter\Session\Handlers\FileHandler' driver.
WARNING - 2024-09-01 05:58:25 --> [DEPRECATED] Creation of dynamic property App\Controllers\Properties\PropertiesController::$db is deprecated in APPPATH\Controllers\Properties\PropertiesController.php on line 16.
 1 SYSTEMPATH\CodeIgniter.php(891): App\Controllers\Properties\PropertiesController->__construct()
 2 SYSTEMPATH\CodeIgniter.php(485): CodeIgniter\CodeIgniter->createController()
 3 SYSTEMPATH\CodeIgniter.php(353): CodeIgniter\CodeIgniter->handleRequest(null, Object(Config\Cache), false)
 4 FCPATH\index.php(79): CodeIgniter\CodeIgniter->run()
INFO - 2024-09-01 05:58:25 --> Session: Class initialized using 'CodeIgniter\Session\Handlers\FileHandler' driver.
INFO - 2024-09-01 05:58:28 --> Session: Class initialized using 'CodeIgniter\Session\Handlers\FileHandler' driver.
WARNING - 2024-09-01 05:58:30 --> [DEPRECATED] Creation of dynamic property App\Controllers\Properties\PropertiesController::$db is deprecated in APPPATH\Controllers\Properties\PropertiesController.php on line 16.
 1 SYSTEMPATH\CodeIgniter.php(891): App\Controllers\Properties\PropertiesController->__construct()
 2 SYSTEMPATH\CodeIgniter.php(485): CodeIgniter\CodeIgniter->createController()
 3 SYSTEMPATH\CodeIgniter.php(353): CodeIgniter\CodeIgniter->handleRequest(null, Object(Config\Cache), false)
 4 FCPATH\index.php(79): CodeIgniter\CodeIgniter->run()
INFO - 2024-09-01 05:58:30 --> Session: Class initialized using 'CodeIgniter\Session\Handlers\FileHandler' driver.
INFO - 2024-09-01 05:58:33 --> Session: Class initialized using 'CodeIgniter\Session\Handlers\FileHandler' driver.
WARNING - 2024-09-01 05:58:37 --> [DEPRECATED] Creation of dynamic property App\Controllers\Properties\PropertiesController::$db is deprecated in APPPATH\Controllers\Properties\PropertiesController.php on line 16.
 1 SYSTEMPATH\CodeIgniter.php(891): App\Controllers\Properties\PropertiesController->__construct()
 2 SYSTEMPATH\CodeIgniter.php(485): CodeIgniter\CodeIgniter->createController()
 3 SYSTEMPATH\CodeIgniter.php(353): CodeIgniter\CodeIgniter->handleRequest(null, Object(Config\Cache), false)
 4 FCPATH\index.php(79): CodeIgniter\CodeIgniter->run()
INFO - 2024-09-01 05:58:37 --> Session: Class initialized using 'CodeIgniter\Session\Handlers\FileHandler' driver.
INFO - 2024-09-01 05:58:39 --> Session: Class initialized using 'CodeIgniter\Session\Handlers\FileHandler' driver.
WARNING - 2024-09-01 05:58:40 --> [DEPRECATED] Creation of dynamic property App\Controllers\Properties\PropertiesController::$db is deprecated in APPPATH\Controllers\Properties\PropertiesController.php on line 16.
 1 SYSTEMPATH\CodeIgniter.php(891): App\Controllers\Properties\PropertiesController->__construct()
 2 SYSTEMPATH\CodeIgniter.php(485): CodeIgniter\CodeIgniter->createController()
 3 SYSTEMPATH\CodeIgniter.php(353): CodeIgniter\CodeIgniter->handleRequest(null, Object(Config\Cache), false)
 4 FCPATH\index.php(79): CodeIgniter\CodeIgniter->run()
INFO - 2024-09-01 05:58:40 --> Session: Class initialized using 'CodeIgniter\Session\Handlers\FileHandler' driver.
INFO - 2024-09-01 05:58:43 --> Session: Class initialized using 'CodeIgniter\Session\Handlers\FileHandler' driver.
WARNING - 2024-09-01 05:58:48 --> [DEPRECATED] Creation of dynamic property App\Controllers\Properties\PropertiesController::$db is deprecated in APPPATH\Controllers\Properties\PropertiesController.php on line 16.
 1 SYSTEMPATH\CodeIgniter.php(891): App\Controllers\Properties\PropertiesController->__construct()
 2 SYSTEMPATH\CodeIgniter.php(485): CodeIgniter\CodeIgniter->createController()
 3 SYSTEMPATH\CodeIgniter.php(353): CodeIgniter\CodeIgniter->handleRequest(null, Object(Config\Cache), false)
 4 FCPATH\index.php(79): CodeIgniter\CodeIgniter->run()
INFO - 2024-09-01 05:58:48 --> Session: Class initialized using 'CodeIgniter\Session\Handlers\FileHandler' driver.
INFO - 2024-09-01 05:58:49 --> Session: Class initialized using 'CodeIgniter\Session\Handlers\FileHandler' driver.
WARNING - 2024-09-01 06:02:43 --> [DEPRECATED] Creation of dynamic property App\Controllers\Properties\PropertiesController::$db is deprecated in APPPATH\Controllers\Properties\PropertiesController.php on line 16.
 1 SYSTEMPATH\CodeIgniter.php(891): App\Controllers\Properties\PropertiesController->__construct()
 2 SYSTEMPATH\CodeIgniter.php(485): CodeIgniter\CodeIgniter->createController()
 3 SYSTEMPATH\CodeIgniter.php(353): CodeIgniter\CodeIgniter->handleRequest(null, Object(Config\Cache), false)
 4 FCPATH\index.php(79): CodeIgniter\CodeIgniter->run()
INFO - 2024-09-01 06:02:43 --> Session: Class initialized using 'CodeIgniter\Session\Handlers\FileHandler' driver.
INFO - 2024-09-01 06:02:46 --> Session: Class initialized using 'CodeIgniter\Session\Handlers\FileHandler' driver.
WARNING - 2024-09-01 06:02:49 --> [DEPRECATED] Creation of dynamic property App\Controllers\Properties\PropertiesController::$db is deprecated in APPPATH\Controllers\Properties\PropertiesController.php on line 16.
 1 SYSTEMPATH\CodeIgniter.php(891): App\Controllers\Properties\PropertiesController->__construct()
 2 SYSTEMPATH\CodeIgniter.php(485): CodeIgniter\CodeIgniter->createController()
 3 SYSTEMPATH\CodeIgniter.php(353): CodeIgniter\CodeIgniter->handleRequest(null, Object(Config\Cache), false)
 4 FCPATH\index.php(79): CodeIgniter\CodeIgniter->run()
INFO - 2024-09-01 06:02:49 --> Session: Class initialized using 'CodeIgniter\Session\Handlers\FileHandler' driver.
INFO - 2024-09-01 06:02:52 --> Session: Class initialized using 'CodeIgniter\Session\Handlers\FileHandler' driver.
WARNING - 2024-09-01 06:03:03 --> [DEPRECATED] Creation of dynamic property App\Controllers\Properties\PropertiesController::$db is deprecated in APPPATH\Controllers\Properties\PropertiesController.php on line 16.
 1 SYSTEMPATH\CodeIgniter.php(891): App\Controllers\Properties\PropertiesController->__construct()
 2 SYSTEMPATH\CodeIgniter.php(485): CodeIgniter\CodeIgniter->createController()
 3 SYSTEMPATH\CodeIgniter.php(353): CodeIgniter\CodeIgniter->handleRequest(null, Object(Config\Cache), false)
 4 FCPATH\index.php(79): CodeIgniter\CodeIgniter->run()
INFO - 2024-09-01 06:03:03 --> Session: Class initialized using 'CodeIgniter\Session\Handlers\FileHandler' driver.
INFO - 2024-09-01 06:03:05 --> Session: Class initialized using 'CodeIgniter\Session\Handlers\FileHandler' driver.
WARNING - 2024-09-01 06:03:07 --> [DEPRECATED] Creation of dynamic property App\Controllers\Properties\PropertiesController::$db is deprecated in APPPATH\Controllers\Properties\PropertiesController.php on line 16.
 1 SYSTEMPATH\CodeIgniter.php(891): App\Controllers\Properties\PropertiesController->__construct()
 2 SYSTEMPATH\CodeIgniter.php(485): CodeIgniter\CodeIgniter->createController()
 3 SYSTEMPATH\CodeIgniter.php(353): CodeIgniter\CodeIgniter->handleRequest(null, Object(Config\Cache), false)
 4 FCPATH\index.php(79): CodeIgniter\CodeIgniter->run()
INFO - 2024-09-01 06:03:07 --> Session: Class initialized using 'CodeIgniter\Session\Handlers\FileHandler' driver.
INFO - 2024-09-01 06:03:10 --> Session: Class initialized using 'CodeIgniter\Session\Handlers\FileHandler' driver.
WARNING - 2024-09-01 06:06:16 --> [DEPRECATED] Creation of dynamic property App\Controllers\Properties\PropertiesController::$db is deprecated in APPPATH\Controllers\Properties\PropertiesController.php on line 16.
 1 SYSTEMPATH\CodeIgniter.php(891): App\Controllers\Properties\PropertiesController->__construct()
 2 SYSTEMPATH\CodeIgniter.php(485): CodeIgniter\CodeIgniter->createController()
 3 SYSTEMPATH\CodeIgniter.php(353): CodeIgniter\CodeIgniter->handleRequest(null, Object(Config\Cache), false)
 4 FCPATH\index.php(79): CodeIgniter\CodeIgniter->run()
INFO - 2024-09-01 06:06:16 --> Session: Class initialized using 'CodeIgniter\Session\Handlers\FileHandler' driver.
INFO - 2024-09-01 06:06:19 --> Session: Class initialized using 'CodeIgniter\Session\Handlers\FileHandler' driver.
WARNING - 2024-09-01 06:08:30 --> [DEPRECATED] Creation of dynamic property App\Controllers\Properties\PropertiesController::$db is deprecated in APPPATH\Controllers\Properties\PropertiesController.php on line 16.
 1 SYSTEMPATH\CodeIgniter.php(891): App\Controllers\Properties\PropertiesController->__construct()
 2 SYSTEMPATH\CodeIgniter.php(485): CodeIgniter\CodeIgniter->createController()
 3 SYSTEMPATH\CodeIgniter.php(353): CodeIgniter\CodeIgniter->handleRequest(null, Object(Config\Cache), false)
 4 FCPATH\index.php(79): CodeIgniter\CodeIgniter->run()
INFO - 2024-09-01 06:08:30 --> Session: Class initialized using 'CodeIgniter\Session\Handlers\FileHandler' driver.
INFO - 2024-09-01 06:08:34 --> Session: Class initialized using 'CodeIgniter\Session\Handlers\FileHandler' driver.
WARNING - 2024-09-01 06:12:16 --> [DEPRECATED] Creation of dynamic property App\Controllers\Properties\PropertiesController::$db is deprecated in APPPATH\Controllers\Properties\PropertiesController.php on line 16.
 1 SYSTEMPATH\CodeIgniter.php(891): App\Controllers\Properties\PropertiesController->__construct()
 2 SYSTEMPATH\CodeIgniter.php(485): CodeIgniter\CodeIgniter->createController()
 3 SYSTEMPATH\CodeIgniter.php(353): CodeIgniter\CodeIgniter->handleRequest(null, Object(Config\Cache), false)
 4 FCPATH\index.php(79): CodeIgniter\CodeIgniter->run()
INFO - 2024-09-01 06:12:16 --> Session: Class initialized using 'CodeIgniter\Session\Handlers\FileHandler' driver.
INFO - 2024-09-01 06:12:19 --> Session: Class initialized using 'CodeIgniter\Session\Handlers\FileHandler' driver.
WARNING - 2024-09-01 06:13:50 --> [DEPRECATED] Creation of dynamic property App\Controllers\Properties\PropertiesController::$db is deprecated in APPPATH\Controllers\Properties\PropertiesController.php on line 16.
 1 SYSTEMPATH\CodeIgniter.php(891): App\Controllers\Properties\PropertiesController->__construct()
 2 SYSTEMPATH\CodeIgniter.php(485): CodeIgniter\CodeIgniter->createController()
 3 SYSTEMPATH\CodeIgniter.php(353): CodeIgniter\CodeIgniter->handleRequest(null, Object(Config\Cache), false)
 4 FCPATH\index.php(79): CodeIgniter\CodeIgniter->run()
INFO - 2024-09-01 06:13:50 --> Session: Class initialized using 'CodeIgniter\Session\Handlers\FileHandler' driver.
INFO - 2024-09-01 06:13:53 --> Session: Class initialized using 'CodeIgniter\Session\Handlers\FileHandler' driver.
INFO - 2024-09-01 15:32:04 --> Session: Class initialized using 'CodeIgniter\Session\Handlers\FileHandler' driver.
INFO - 2024-09-01 15:32:07 --> Session: Class initialized using 'CodeIgniter\Session\Handlers\FileHandler' driver.
INFO - 2024-09-01 15:32:10 --> Session: Class initialized using 'CodeIgniter\Session\Handlers\FileHandler' driver.
INFO - 2024-09-01 15:32:13 --> Session: Class initialized using 'CodeIgniter\Session\Handlers\FileHandler' driver.
INFO - 2024-09-01 15:32:41 --> Session: Class initialized using 'CodeIgniter\Session\Handlers\FileHandler' driver.
INFO - 2024-09-01 15:32:43 --> Session: Class initialized using 'CodeIgniter\Session\Handlers\FileHandler' driver.
INFO - 2024-09-01 15:32:46 --> Session: Class initialized using 'CodeIgniter\Session\Handlers\FileHandler' driver.
INFO - 2024-09-01 15:34:09 --> Session: Class initialized using 'CodeIgniter\Session\Handlers\FileHandler' driver.
INFO - 2024-09-01 15:34:11 --> Session: Class initialized using 'CodeIgniter\Session\Handlers\FileHandler' driver.
WARNING - 2024-09-01 15:46:50 --> [DEPRECATED] Creation of dynamic property App\Controllers\Properties\PropertiesController::$db is deprecated in APPPATH\Controllers\Properties\PropertiesController.php on line 16.
 1 SYSTEMPATH\CodeIgniter.php(891): App\Controllers\Properties\PropertiesController->__construct()
 2 SYSTEMPATH\CodeIgniter.php(485): CodeIgniter\CodeIgniter->createController()
 3 SYSTEMPATH\CodeIgniter.php(353): CodeIgniter\CodeIgniter->handleRequest(null, Object(Config\Cache), false)
 4 FCPATH\index.php(79): CodeIgniter\CodeIgniter->run()
INFO - 2024-09-01 15:46:50 --> Session: Class initialized using 'CodeIgniter\Session\Handlers\FileHandler' driver.
INFO - 2024-09-01 15:46:54 --> Session: Class initialized using 'CodeIgniter\Session\Handlers\FileHandler' driver.
WARNING - 2024-09-01 15:47:16 --> [DEPRECATED] Creation of dynamic property App\Controllers\Properties\PropertiesController::$db is deprecated in APPPATH\Controllers\Properties\PropertiesController.php on line 16.
 1 SYSTEMPATH\CodeIgniter.php(891): App\Controllers\Properties\PropertiesController->__construct()
 2 SYSTEMPATH\CodeIgniter.php(485): CodeIgniter\CodeIgniter->createController()
 3 SYSTEMPATH\CodeIgniter.php(353): CodeIgniter\CodeIgniter->handleRequest(null, Object(Config\Cache), false)
 4 FCPATH\index.php(79): CodeIgniter\CodeIgniter->run()
INFO - 2024-09-01 15:47:16 --> Session: Class initialized using 'CodeIgniter\Session\Handlers\FileHandler' driver.
INFO - 2024-09-01 15:47:19 --> Session: Class initialized using 'CodeIgniter\Session\Handlers\FileHandler' driver.
WARNING - 2024-09-01 15:47:22 --> [DEPRECATED] Creation of dynamic property App\Controllers\Properties\PropertiesController::$db is deprecated in APPPATH\Controllers\Properties\PropertiesController.php on line 16.
 1 SYSTEMPATH\CodeIgniter.php(891): App\Controllers\Properties\PropertiesController->__construct()
 2 SYSTEMPATH\CodeIgniter.php(485): CodeIgniter\CodeIgniter->createController()
 3 SYSTEMPATH\CodeIgniter.php(353): CodeIgniter\CodeIgniter->handleRequest(null, Object(Config\Cache), false)
 4 FCPATH\index.php(79): CodeIgniter\CodeIgniter->run()
INFO - 2024-09-01 15:47:22 --> Session: Class initialized using 'CodeIgniter\Session\Handlers\FileHandler' driver.
INFO - 2024-09-01 15:47:23 --> Session: Class initialized using 'CodeIgniter\Session\Handlers\FileHandler' driver.
WARNING - 2024-09-01 15:50:23 --> [DEPRECATED] Creation of dynamic property App\Controllers\Properties\PropertiesController::$db is deprecated in APPPATH\Controllers\Properties\PropertiesController.php on line 16.
 1 SYSTEMPATH\CodeIgniter.php(891): App\Controllers\Properties\PropertiesController->__construct()
 2 SYSTEMPATH\CodeIgniter.php(485): CodeIgniter\CodeIgniter->createController()
 3 SYSTEMPATH\CodeIgniter.php(353): CodeIgniter\CodeIgniter->handleRequest(null, Object(Config\Cache), false)
 4 FCPATH\index.php(79): CodeIgniter\CodeIgniter->run()
INFO - 2024-09-01 15:50:23 --> Session: Class initialized using 'CodeIgniter\Session\Handlers\FileHandler' driver.
WARNING - 2024-09-01 15:50:24 --> [DEPRECATED] Creation of dynamic property App\Controllers\Properties\PropertiesController::$db is deprecated in APPPATH\Controllers\Properties\PropertiesController.php on line 16.
 1 SYSTEMPATH\CodeIgniter.php(891): App\Controllers\Properties\PropertiesController->__construct()
 2 SYSTEMPATH\CodeIgniter.php(485): CodeIgniter\CodeIgniter->createController()
 3 SYSTEMPATH\CodeIgniter.php(353): CodeIgniter\CodeIgniter->handleRequest(null, Object(Config\Cache), false)
 4 FCPATH\index.php(79): CodeIgniter\CodeIgniter->run()
INFO - 2024-09-01 15:50:24 --> Session: Class initialized using 'CodeIgniter\Session\Handlers\FileHandler' driver.
CRITICAL - 2024-09-01 15:50:25 --> Too few arguments to function url_to(), 0 passed in C:\xampp\htdocs\ci-homeland\app\Views\layouts\app.php on line 77 and exactly 1 expected
in SYSTEMPATH\Helpers\url_helper.php on line 478.
 1 APPPATH\Views\layouts\app.php(77): url_to()
 2 SYSTEMPATH\View\View.php(226): include('C:\\xampp\\htdocs\\ci-homeland\\app\\Views\\layouts\\app.php')
 3 SYSTEMPATH\View\View.php(229): CodeIgniter\View\View->CodeIgniter\View\{closure}()
 4 SYSTEMPATH\View\View.php(242): CodeIgniter\View\View->render('layouts/app.php', [], true)
 5 SYSTEMPATH\Common.php(1188): CodeIgniter\View\View->render('props/single', [], true)
 6 APPPATH\Controllers\Properties\PropertiesController.php(75): view('props/single', [...])
 7 SYSTEMPATH\CodeIgniter.php(919): App\Controllers\Properties\PropertiesController->propSingle('1')
 8 SYSTEMPATH\CodeIgniter.php(494): CodeIgniter\CodeIgniter->runController(Object(App\Controllers\Properties\PropertiesController))
 9 SYSTEMPATH\CodeIgniter.php(353): CodeIgniter\CodeIgniter->handleRequest(null, Object(Config\Cache), false)
10 FCPATH\index.php(79): CodeIgniter\CodeIgniter->run()
WARNING - 2024-09-01 15:51:00 --> [DEPRECATED] Creation of dynamic property App\Controllers\Properties\PropertiesController::$db is deprecated in APPPATH\Controllers\Properties\PropertiesController.php on line 16.
 1 SYSTEMPATH\CodeIgniter.php(891): App\Controllers\Properties\PropertiesController->__construct()
 2 SYSTEMPATH\CodeIgniter.php(485): CodeIgniter\CodeIgniter->createController()
 3 SYSTEMPATH\CodeIgniter.php(353): CodeIgniter\CodeIgniter->handleRequest(null, Object(Config\Cache), false)
 4 FCPATH\index.php(79): CodeIgniter\CodeIgniter->run()
INFO - 2024-09-01 15:51:00 --> Session: Class initialized using 'CodeIgniter\Session\Handlers\FileHandler' driver.
INFO - 2024-09-01 15:51:03 --> Session: Class initialized using 'CodeIgniter\Session\Handlers\FileHandler' driver.
INFO - 2024-09-01 15:51:10 --> Session: Class initialized using 'CodeIgniter\Session\Handlers\FileHandler' driver.
CRITICAL - 2024-09-01 15:51:10 --> Undefined property: App\Controllers\Users\UsersController::$db
in APPPATH\Controllers\Users\UsersController.php on line 12.
 1 APPPATH\Controllers\Users\UsersController.php(12): CodeIgniter\Debug\Exceptions->errorHandler(2, 'Undefined property: App\\Controllers\\Users\\UsersController::$db', 'C:\\xampp\\htdocs\\ci-homeland\\app\\Controllers\\Users\\UsersController.php', 12)
 2 SYSTEMPATH\CodeIgniter.php(919): App\Controllers\Users\UsersController->propsRequests()
 3 SYSTEMPATH\CodeIgniter.php(494): CodeIgniter\CodeIgniter->runController(Object(App\Controllers\Users\UsersController))
 4 SYSTEMPATH\CodeIgniter.php(353): CodeIgniter\CodeIgniter->handleRequest(null, Object(Config\Cache), false)
 5 FCPATH\index.php(79): CodeIgniter\CodeIgniter->run()
INFO - 2024-09-01 15:53:58 --> Session: Class initialized using 'CodeIgniter\Session\Handlers\FileHandler' driver.
WARNING - 2024-09-01 15:55:49 --> [DEPRECATED] Creation of dynamic property App\Controllers\Properties\PropertiesController::$db is deprecated in APPPATH\Controllers\Properties\PropertiesController.php on line 16.
 1 SYSTEMPATH\CodeIgniter.php(891): App\Controllers\Properties\PropertiesController->__construct()
 2 SYSTEMPATH\CodeIgniter.php(485): CodeIgniter\CodeIgniter->createController()
 3 SYSTEMPATH\CodeIgniter.php(353): CodeIgniter\CodeIgniter->handleRequest(null, Object(Config\Cache), false)
 4 FCPATH\index.php(79): CodeIgniter\CodeIgniter->run()
INFO - 2024-09-01 15:55:49 --> Session: Class initialized using 'CodeIgniter\Session\Handlers\FileHandler' driver.
INFO - 2024-09-01 15:55:51 --> Session: Class initialized using 'CodeIgniter\Session\Handlers\FileHandler' driver.
WARNING - 2024-09-01 15:58:02 --> [DEPRECATED] Creation of dynamic property App\Controllers\Properties\PropertiesController::$db is deprecated in APPPATH\Controllers\Properties\PropertiesController.php on line 16.
 1 SYSTEMPATH\CodeIgniter.php(891): App\Controllers\Properties\PropertiesController->__construct()
 2 SYSTEMPATH\CodeIgniter.php(485): CodeIgniter\CodeIgniter->createController()
 3 SYSTEMPATH\CodeIgniter.php(353): CodeIgniter\CodeIgniter->handleRequest(null, Object(Config\Cache), false)
 4 FCPATH\index.php(79): CodeIgniter\CodeIgniter->run()
INFO - 2024-09-01 15:58:02 --> Session: Class initialized using 'CodeIgniter\Session\Handlers\FileHandler' driver.
WARNING - 2024-09-01 15:58:03 --> [DEPRECATED] Creation of dynamic property App\Controllers\Properties\PropertiesController::$db is deprecated in APPPATH\Controllers\Properties\PropertiesController.php on line 16.
 1 SYSTEMPATH\CodeIgniter.php(891): App\Controllers\Properties\PropertiesController->__construct()
 2 SYSTEMPATH\CodeIgniter.php(485): CodeIgniter\CodeIgniter->createController()
 3 SYSTEMPATH\CodeIgniter.php(353): CodeIgniter\CodeIgniter->handleRequest(null, Object(Config\Cache), false)
 4 FCPATH\index.php(79): CodeIgniter\CodeIgniter->run()
INFO - 2024-09-01 15:58:03 --> Session: Class initialized using 'CodeIgniter\Session\Handlers\FileHandler' driver.
INFO - 2024-09-01 15:58:06 --> Session: Class initialized using 'CodeIgniter\Session\Handlers\FileHandler' driver.
WARNING - 2024-09-01 16:03:10 --> [DEPRECATED] Creation of dynamic property App\Controllers\Properties\PropertiesController::$db is deprecated in APPPATH\Controllers\Properties\PropertiesController.php on line 16.
 1 SYSTEMPATH\CodeIgniter.php(891): App\Controllers\Properties\PropertiesController->__construct()
 2 SYSTEMPATH\CodeIgniter.php(485): CodeIgniter\CodeIgniter->createController()
 3 SYSTEMPATH\CodeIgniter.php(353): CodeIgniter\CodeIgniter->handleRequest(null, Object(Config\Cache), false)
 4 FCPATH\index.php(79): CodeIgniter\CodeIgniter->run()
INFO - 2024-09-01 16:03:10 --> Session: Class initialized using 'CodeIgniter\Session\Handlers\FileHandler' driver.
INFO - 2024-09-01 16:03:14 --> Session: Class initialized using 'CodeIgniter\Session\Handlers\FileHandler' driver.
WARNING - 2024-09-01 16:03:40 --> [DEPRECATED] Creation of dynamic property App\Controllers\Properties\PropertiesController::$db is deprecated in APPPATH\Controllers\Properties\PropertiesController.php on line 16.
 1 SYSTEMPATH\CodeIgniter.php(891): App\Controllers\Properties\PropertiesController->__construct()
 2 SYSTEMPATH\CodeIgniter.php(485): CodeIgniter\CodeIgniter->createController()
 3 SYSTEMPATH\CodeIgniter.php(353): CodeIgniter\CodeIgniter->handleRequest(null, Object(Config\Cache), false)
 4 FCPATH\index.php(79): CodeIgniter\CodeIgniter->run()
INFO - 2024-09-01 16:03:40 --> Session: Class initialized using 'CodeIgniter\Session\Handlers\FileHandler' driver.
WARNING - 2024-09-01 16:03:41 --> [DEPRECATED] Creation of dynamic property App\Controllers\Properties\PropertiesController::$db is deprecated in APPPATH\Controllers\Properties\PropertiesController.php on line 16.
 1 SYSTEMPATH\CodeIgniter.php(891): App\Controllers\Properties\PropertiesController->__construct()
 2 SYSTEMPATH\CodeIgniter.php(485): CodeIgniter\CodeIgniter->createController()
 3 SYSTEMPATH\CodeIgniter.php(353): CodeIgniter\CodeIgniter->handleRequest(null, Object(Config\Cache), false)
 4 FCPATH\index.php(79): CodeIgniter\CodeIgniter->run()
INFO - 2024-09-01 16:03:41 --> Session: Class initialized using 'CodeIgniter\Session\Handlers\FileHandler' driver.
INFO - 2024-09-01 16:03:44 --> Session: Class initialized using 'CodeIgniter\Session\Handlers\FileHandler' driver.
INFO - 2024-09-01 16:04:02 --> Session: Class initialized using 'CodeIgniter\Session\Handlers\FileHandler' driver.
INFO - 2024-09-01 16:05:06 --> Session: Class initialized using 'CodeIgniter\Session\Handlers\FileHandler' driver.
CRITICAL - 2024-09-01 16:05:06 --> Undefined property: App\Controllers\Users\UsersController::$db
in APPPATH\Controllers\Users\UsersController.php on line 13.
 1 APPPATH\Controllers\Users\UsersController.php(13): CodeIgniter\Debug\Exceptions->errorHandler(2, 'Undefined property: App\\Controllers\\Users\\UsersController::$db', 'C:\\xampp\\htdocs\\ci-homeland\\app\\Controllers\\Users\\UsersController.php', 13)
 2 SYSTEMPATH\CodeIgniter.php(919): App\Controllers\Users\UsersController->propsRequests()
 3 SYSTEMPATH\CodeIgniter.php(494): CodeIgniter\CodeIgniter->runController(Object(App\Controllers\Users\UsersController))
 4 SYSTEMPATH\CodeIgniter.php(353): CodeIgniter\CodeIgniter->handleRequest(null, Object(Config\Cache), false)
 5 FCPATH\index.php(79): CodeIgniter\CodeIgniter->run()
WARNING - 2024-09-01 16:06:11 --> [DEPRECATED] Creation of dynamic property App\Controllers\Users\UsersController::$db is deprecated in APPPATH\Controllers\Users\UsersController.php on line 12.
 1 SYSTEMPATH\CodeIgniter.php(891): App\Controllers\Users\UsersController->__construct()
 2 SYSTEMPATH\CodeIgniter.php(485): CodeIgniter\CodeIgniter->createController()
 3 SYSTEMPATH\CodeIgniter.php(353): CodeIgniter\CodeIgniter->handleRequest(null, Object(Config\Cache), false)
 4 FCPATH\index.php(79): CodeIgniter\CodeIgniter->run()
INFO - 2024-09-01 16:06:11 --> Session: Class initialized using 'CodeIgniter\Session\Handlers\FileHandler' driver.
WARNING - 2024-09-01 16:07:21 --> [DEPRECATED] Creation of dynamic property App\Controllers\Users\UsersController::$db is deprecated in APPPATH\Controllers\Users\UsersController.php on line 12.
 1 SYSTEMPATH\CodeIgniter.php(891): App\Controllers\Users\UsersController->__construct()
 2 SYSTEMPATH\CodeIgniter.php(485): CodeIgniter\CodeIgniter->createController()
 3 SYSTEMPATH\CodeIgniter.php(353): CodeIgniter\CodeIgniter->handleRequest(null, Object(Config\Cache), false)
 4 FCPATH\index.php(79): CodeIgniter\CodeIgniter->run()
INFO - 2024-09-01 16:07:21 --> Session: Class initialized using 'CodeIgniter\Session\Handlers\FileHandler' driver.
CRITICAL - 2024-09-01 16:07:21 --> Undefined property: stdClass::$image
in APPPATH\Views\users\props-requests.php on line 24.
 1 APPPATH\Views\users\props-requests.php(24): CodeIgniter\Debug\Exceptions->errorHandler(2, 'Undefined property: stdClass::$image', 'C:\\xampp\\htdocs\\ci-homeland\\app\\Views\\users\\props-requests.php', 24)
 2 SYSTEMPATH\View\View.php(226): include('C:\\xampp\\htdocs\\ci-homeland\\app\\Views\\users\\props-requests.php')
 3 SYSTEMPATH\View\View.php(229): CodeIgniter\View\View->CodeIgniter\View\{closure}()
 4 SYSTEMPATH\Common.php(1188): CodeIgniter\View\View->render('users/props-requests', [], true)
 5 APPPATH\Controllers\Users\UsersController.php(22): view('users/props-requests', [...])
 6 SYSTEMPATH\CodeIgniter.php(919): App\Controllers\Users\UsersController->propsRequests()
 7 SYSTEMPATH\CodeIgniter.php(494): CodeIgniter\CodeIgniter->runController(Object(App\Controllers\Users\UsersController))
 8 SYSTEMPATH\CodeIgniter.php(353): CodeIgniter\CodeIgniter->handleRequest(null, Object(Config\Cache), false)
 9 FCPATH\index.php(79): CodeIgniter\CodeIgniter->run()
WARNING - 2024-09-01 16:09:14 --> [DEPRECATED] Creation of dynamic property App\Controllers\Users\UsersController::$db is deprecated in APPPATH\Controllers\Users\UsersController.php on line 12.
 1 SYSTEMPATH\CodeIgniter.php(891): App\Controllers\Users\UsersController->__construct()
 2 SYSTEMPATH\CodeIgniter.php(485): CodeIgniter\CodeIgniter->createController()
 3 SYSTEMPATH\CodeIgniter.php(353): CodeIgniter\CodeIgniter->handleRequest(null, Object(Config\Cache), false)
 4 FCPATH\index.php(79): CodeIgniter\CodeIgniter->run()
INFO - 2024-09-01 16:09:14 --> Session: Class initialized using 'CodeIgniter\Session\Handlers\FileHandler' driver.
CRITICAL - 2024-09-01 16:09:15 --> Undefined property: stdClass::$location
in APPPATH\Views\users\props-requests.php on line 29.
 1 APPPATH\Views\users\props-requests.php(29): CodeIgniter\Debug\Exceptions->errorHandler(2, 'Undefined property: stdClass::$location', 'C:\\xampp\\htdocs\\ci-homeland\\app\\Views\\users\\props-requests.php', 29)
 2 SYSTEMPATH\View\View.php(226): include('C:\\xampp\\htdocs\\ci-homeland\\app\\Views\\users\\props-requests.php')
 3 SYSTEMPATH\View\View.php(229): CodeIgniter\View\View->CodeIgniter\View\{closure}()
 4 SYSTEMPATH\Common.php(1188): CodeIgniter\View\View->render('users/props-requests', [], true)
 5 APPPATH\Controllers\Users\UsersController.php(22): view('users/props-requests', [...])
 6 SYSTEMPATH\CodeIgniter.php(919): App\Controllers\Users\UsersController->propsRequests()
 7 SYSTEMPATH\CodeIgniter.php(494): CodeIgniter\CodeIgniter->runController(Object(App\Controllers\Users\UsersController))
 8 SYSTEMPATH\CodeIgniter.php(353): CodeIgniter\CodeIgniter->handleRequest(null, Object(Config\Cache), false)
 9 FCPATH\index.php(79): CodeIgniter\CodeIgniter->run()
WARNING - 2024-09-01 16:09:57 --> [DEPRECATED] Creation of dynamic property App\Controllers\Users\UsersController::$db is deprecated in APPPATH\Controllers\Users\UsersController.php on line 12.
 1 SYSTEMPATH\CodeIgniter.php(891): App\Controllers\Users\UsersController->__construct()
 2 SYSTEMPATH\CodeIgniter.php(485): CodeIgniter\CodeIgniter->createController()
 3 SYSTEMPATH\CodeIgniter.php(353): CodeIgniter\CodeIgniter->handleRequest(null, Object(Config\Cache), false)
 4 FCPATH\index.php(79): CodeIgniter\CodeIgniter->run()
INFO - 2024-09-01 16:09:57 --> Session: Class initialized using 'CodeIgniter\Session\Handlers\FileHandler' driver.
INFO - 2024-09-01 16:10:00 --> Session: Class initialized using 'CodeIgniter\Session\Handlers\FileHandler' driver.
WARNING - 2024-09-01 16:10:06 --> [DEPRECATED] Creation of dynamic property App\Controllers\Properties\PropertiesController::$db is deprecated in APPPATH\Controllers\Properties\PropertiesController.php on line 16.
 1 SYSTEMPATH\CodeIgniter.php(891): App\Controllers\Properties\PropertiesController->__construct()
 2 SYSTEMPATH\CodeIgniter.php(485): CodeIgniter\CodeIgniter->createController()
 3 SYSTEMPATH\CodeIgniter.php(353): CodeIgniter\CodeIgniter->handleRequest(null, Object(Config\Cache), false)
 4 FCPATH\index.php(79): CodeIgniter\CodeIgniter->run()
CRITICAL - 2024-09-01 16:10:06 --> Undefined array key 0
in APPPATH\Controllers\Properties\PropertiesController.php on line 57.
 1 APPPATH\Controllers\Properties\PropertiesController.php(57): CodeIgniter\Debug\Exceptions->errorHandler(2, 'Undefined array key 0', 'C:\\xampp\\htdocs\\ci-homeland\\app\\Controllers\\Properties\\PropertiesController.php', 57)
 2 SYSTEMPATH\CodeIgniter.php(919): App\Controllers\Properties\PropertiesController->propSingle('11')
 3 SYSTEMPATH\CodeIgniter.php(494): CodeIgniter\CodeIgniter->runController(Object(App\Controllers\Properties\PropertiesController))
 4 SYSTEMPATH\CodeIgniter.php(353): CodeIgniter\CodeIgniter->handleRequest(null, Object(Config\Cache), false)
 5 FCPATH\index.php(79): CodeIgniter\CodeIgniter->run()
WARNING - 2024-09-01 16:11:55 --> [DEPRECATED] Creation of dynamic property App\Controllers\Properties\PropertiesController::$db is deprecated in APPPATH\Controllers\Properties\PropertiesController.php on line 16.
 1 SYSTEMPATH\CodeIgniter.php(891): App\Controllers\Properties\PropertiesController->__construct()
 2 SYSTEMPATH\CodeIgniter.php(485): CodeIgniter\CodeIgniter->createController()
 3 SYSTEMPATH\CodeIgniter.php(353): CodeIgniter\CodeIgniter->handleRequest(null, Object(Config\Cache), false)
 4 FCPATH\index.php(79): CodeIgniter\CodeIgniter->run()
INFO - 2024-09-01 16:11:55 --> Session: Class initialized using 'CodeIgniter\Session\Handlers\FileHandler' driver.
CRITICAL - 2024-09-01 16:11:55 --> compact(): Undefined variable $relatedProps
in APPPATH\Controllers\Properties\PropertiesController.php on line 77.
 1 [internal function]: CodeIgniter\Debug\Exceptions->errorHandler(2, 'compact(): Undefined variable $relatedProps', 'C:\\xampp\\htdocs\\ci-homeland\\app\\Controllers\\Properties\\PropertiesController.php', 77)
 2 APPPATH\Controllers\Properties\PropertiesController.php(77): compact('singleProps', 'images', 'relatedProps', 'checkingForSendingRequests', 'checkingSavedProps', 'allHomeType')
 3 SYSTEMPATH\CodeIgniter.php(919): App\Controllers\Properties\PropertiesController->propSingle('11')
 4 SYSTEMPATH\CodeIgniter.php(494): CodeIgniter\CodeIgniter->runController(Object(App\Controllers\Properties\PropertiesController))
 5 SYSTEMPATH\CodeIgniter.php(353): CodeIgniter\CodeIgniter->handleRequest(null, Object(Config\Cache), false)
 6 FCPATH\index.php(79): CodeIgniter\CodeIgniter->run()
WARNING - 2024-09-01 16:12:29 --> [DEPRECATED] Creation of dynamic property App\Controllers\Properties\PropertiesController::$db is deprecated in APPPATH\Controllers\Properties\PropertiesController.php on line 16.
 1 SYSTEMPATH\CodeIgniter.php(891): App\Controllers\Properties\PropertiesController->__construct()
 2 SYSTEMPATH\CodeIgniter.php(485): CodeIgniter\CodeIgniter->createController()
 3 SYSTEMPATH\CodeIgniter.php(353): CodeIgniter\CodeIgniter->handleRequest(null, Object(Config\Cache), false)
 4 FCPATH\index.php(79): CodeIgniter\CodeIgniter->run()
INFO - 2024-09-01 16:12:30 --> Session: Class initialized using 'CodeIgniter\Session\Handlers\FileHandler' driver.
CRITICAL - 2024-09-01 16:12:30 --> foreach() argument must be of type array|object, int given
in APPPATH\Views\props\single.php on line 187.
 1 APPPATH\Views\props\single.php(187): CodeIgniter\Debug\Exceptions->errorHandler(2, 'foreach() argument must be of type array|object, int given', 'C:\\xampp\\htdocs\\ci-homeland\\app\\Views\\props\\single.php', 187)
 2 SYSTEMPATH\View\View.php(226): include('C:\\xampp\\htdocs\\ci-homeland\\app\\Views\\props\\single.php')
 3 SYSTEMPATH\View\View.php(229): CodeIgniter\View\View->CodeIgniter\View\{closure}()
 4 SYSTEMPATH\Common.php(1188): CodeIgniter\View\View->render('props/single', [], true)
 5 APPPATH\Controllers\Properties\PropertiesController.php(78): view('props/single', [...])
 6 SYSTEMPATH\CodeIgniter.php(919): App\Controllers\Properties\PropertiesController->propSingle('11')
 7 SYSTEMPATH\CodeIgniter.php(494): CodeIgniter\CodeIgniter->runController(Object(App\Controllers\Properties\PropertiesController))
 8 SYSTEMPATH\CodeIgniter.php(353): CodeIgniter\CodeIgniter->handleRequest(null, Object(Config\Cache), false)
 9 FCPATH\index.php(79): CodeIgniter\CodeIgniter->run()
WARNING - 2024-09-01 16:13:02 --> [DEPRECATED] Creation of dynamic property App\Controllers\Properties\PropertiesController::$db is deprecated in APPPATH\Controllers\Properties\PropertiesController.php on line 16.
 1 SYSTEMPATH\CodeIgniter.php(891): App\Controllers\Properties\PropertiesController->__construct()
 2 SYSTEMPATH\CodeIgniter.php(485): CodeIgniter\CodeIgniter->createController()
 3 SYSTEMPATH\CodeIgniter.php(353): CodeIgniter\CodeIgniter->handleRequest(null, Object(Config\Cache), false)
 4 FCPATH\index.php(79): CodeIgniter\CodeIgniter->run()
WARNING - 2024-09-01 16:13:17 --> [DEPRECATED] Creation of dynamic property App\Controllers\Properties\PropertiesController::$db is deprecated in APPPATH\Controllers\Properties\PropertiesController.php on line 16.
 1 SYSTEMPATH\CodeIgniter.php(891): App\Controllers\Properties\PropertiesController->__construct()
 2 SYSTEMPATH\CodeIgniter.php(485): CodeIgniter\CodeIgniter->createController()
 3 SYSTEMPATH\CodeIgniter.php(353): CodeIgniter\CodeIgniter->handleRequest(null, Object(Config\Cache), false)
 4 FCPATH\index.php(79): CodeIgniter\CodeIgniter->run()
INFO - 2024-09-01 16:13:17 --> Session: Class initialized using 'CodeIgniter\Session\Handlers\FileHandler' driver.
CRITICAL - 2024-09-01 16:13:17 --> foreach() argument must be of type array|object, int given
in APPPATH\Views\props\single.php on line 187.
 1 APPPATH\Views\props\single.php(187): CodeIgniter\Debug\Exceptions->errorHandler(2, 'foreach() argument must be of type array|object, int given', 'C:\\xampp\\htdocs\\ci-homeland\\app\\Views\\props\\single.php', 187)
 2 SYSTEMPATH\View\View.php(226): include('C:\\xampp\\htdocs\\ci-homeland\\app\\Views\\props\\single.php')
 3 SYSTEMPATH\View\View.php(229): CodeIgniter\View\View->CodeIgniter\View\{closure}()
 4 SYSTEMPATH\Common.php(1188): CodeIgniter\View\View->render('props/single', [], true)
 5 APPPATH\Controllers\Properties\PropertiesController.php(79): view('props/single', [...])
 6 SYSTEMPATH\CodeIgniter.php(919): App\Controllers\Properties\PropertiesController->propSingle('11')
 7 SYSTEMPATH\CodeIgniter.php(494): CodeIgniter\CodeIgniter->runController(Object(App\Controllers\Properties\PropertiesController))
 8 SYSTEMPATH\CodeIgniter.php(353): CodeIgniter\CodeIgniter->handleRequest(null, Object(Config\Cache), false)
 9 FCPATH\index.php(79): CodeIgniter\CodeIgniter->run()
WARNING - 2024-09-01 16:14:24 --> [DEPRECATED] Creation of dynamic property App\Controllers\Properties\PropertiesController::$db is deprecated in APPPATH\Controllers\Properties\PropertiesController.php on line 16.
 1 SYSTEMPATH\CodeIgniter.php(891): App\Controllers\Properties\PropertiesController->__construct()
 2 SYSTEMPATH\CodeIgniter.php(485): CodeIgniter\CodeIgniter->createController()
 3 SYSTEMPATH\CodeIgniter.php(353): CodeIgniter\CodeIgniter->handleRequest(null, Object(Config\Cache), false)
 4 FCPATH\index.php(79): CodeIgniter\CodeIgniter->run()
INFO - 2024-09-01 16:14:24 --> Session: Class initialized using 'CodeIgniter\Session\Handlers\FileHandler' driver.
CRITICAL - 2024-09-01 16:14:24 --> count(): Argument #1 ($value) must be of type Countable|array, int given
in APPPATH\Views\props\single.php on line 187.
 1 SYSTEMPATH\View\View.php(226): include()
 2 SYSTEMPATH\View\View.php(229): CodeIgniter\View\View->CodeIgniter\View\{closure}()
 3 SYSTEMPATH\Common.php(1188): CodeIgniter\View\View->render('props/single', [], true)
 4 APPPATH\Controllers\Properties\PropertiesController.php(79): view('props/single', [...])
 5 SYSTEMPATH\CodeIgniter.php(919): App\Controllers\Properties\PropertiesController->propSingle('11')
 6 SYSTEMPATH\CodeIgniter.php(494): CodeIgniter\CodeIgniter->runController(Object(App\Controllers\Properties\PropertiesController))
 7 SYSTEMPATH\CodeIgniter.php(353): CodeIgniter\CodeIgniter->handleRequest(null, Object(Config\Cache), false)
 8 FCPATH\index.php(79): CodeIgniter\CodeIgniter->run()
WARNING - 2024-09-01 16:15:58 --> [DEPRECATED] Creation of dynamic property App\Controllers\Properties\PropertiesController::$db is deprecated in APPPATH\Controllers\Properties\PropertiesController.php on line 16.
 1 SYSTEMPATH\CodeIgniter.php(891): App\Controllers\Properties\PropertiesController->__construct()
 2 SYSTEMPATH\CodeIgniter.php(485): CodeIgniter\CodeIgniter->createController()
 3 SYSTEMPATH\CodeIgniter.php(353): CodeIgniter\CodeIgniter->handleRequest(null, Object(Config\Cache), false)
 4 FCPATH\index.php(79): CodeIgniter\CodeIgniter->run()
INFO - 2024-09-01 16:15:58 --> Session: Class initialized using 'CodeIgniter\Session\Handlers\FileHandler' driver.
INFO - 2024-09-01 16:16:01 --> Session: Class initialized using 'CodeIgniter\Session\Handlers\FileHandler' driver.
WARNING - 2024-09-01 16:16:10 --> [DEPRECATED] Creation of dynamic property App\Controllers\Properties\PropertiesController::$db is deprecated in APPPATH\Controllers\Properties\PropertiesController.php on line 16.
 1 SYSTEMPATH\CodeIgniter.php(891): App\Controllers\Properties\PropertiesController->__construct()
 2 SYSTEMPATH\CodeIgniter.php(485): CodeIgniter\CodeIgniter->createController()
 3 SYSTEMPATH\CodeIgniter.php(353): CodeIgniter\CodeIgniter->handleRequest(null, Object(Config\Cache), false)
 4 FCPATH\index.php(79): CodeIgniter\CodeIgniter->run()
INFO - 2024-09-01 16:16:10 --> Session: Class initialized using 'CodeIgniter\Session\Handlers\FileHandler' driver.
INFO - 2024-09-01 16:16:11 --> Session: Class initialized using 'CodeIgniter\Session\Handlers\FileHandler' driver.
WARNING - 2024-09-01 16:16:13 --> [DEPRECATED] Creation of dynamic property App\Controllers\Users\UsersController::$db is deprecated in APPPATH\Controllers\Users\UsersController.php on line 12.
 1 SYSTEMPATH\CodeIgniter.php(891): App\Controllers\Users\UsersController->__construct()
 2 SYSTEMPATH\CodeIgniter.php(485): CodeIgniter\CodeIgniter->createController()
 3 SYSTEMPATH\CodeIgniter.php(353): CodeIgniter\CodeIgniter->handleRequest(null, Object(Config\Cache), false)
 4 FCPATH\index.php(79): CodeIgniter\CodeIgniter->run()
INFO - 2024-09-01 16:16:13 --> Session: Class initialized using 'CodeIgniter\Session\Handlers\FileHandler' driver.
INFO - 2024-09-01 16:16:15 --> Session: Class initialized using 'CodeIgniter\Session\Handlers\FileHandler' driver.
WARNING - 2024-09-01 16:16:23 --> [DEPRECATED] Creation of dynamic property App\Controllers\Properties\PropertiesController::$db is deprecated in APPPATH\Controllers\Properties\PropertiesController.php on line 16.
 1 SYSTEMPATH\CodeIgniter.php(891): App\Controllers\Properties\PropertiesController->__construct()
 2 SYSTEMPATH\CodeIgniter.php(485): CodeIgniter\CodeIgniter->createController()
 3 SYSTEMPATH\CodeIgniter.php(353): CodeIgniter\CodeIgniter->handleRequest(null, Object(Config\Cache), false)
 4 FCPATH\index.php(79): CodeIgniter\CodeIgniter->run()
INFO - 2024-09-01 16:16:23 --> Session: Class initialized using 'CodeIgniter\Session\Handlers\FileHandler' driver.
INFO - 2024-09-01 16:16:26 --> Session: Class initialized using 'CodeIgniter\Session\Handlers\FileHandler' driver.
WARNING - 2024-09-01 16:16:28 --> [DEPRECATED] Creation of dynamic property App\Controllers\Users\UsersController::$db is deprecated in APPPATH\Controllers\Users\UsersController.php on line 12.
 1 SYSTEMPATH\CodeIgniter.php(891): App\Controllers\Users\UsersController->__construct()
 2 SYSTEMPATH\CodeIgniter.php(485): CodeIgniter\CodeIgniter->createController()
 3 SYSTEMPATH\CodeIgniter.php(353): CodeIgniter\CodeIgniter->handleRequest(null, Object(Config\Cache), false)
 4 FCPATH\index.php(79): CodeIgniter\CodeIgniter->run()
INFO - 2024-09-01 16:16:28 --> Session: Class initialized using 'CodeIgniter\Session\Handlers\FileHandler' driver.
INFO - 2024-09-01 16:16:30 --> Session: Class initialized using 'CodeIgniter\Session\Handlers\FileHandler' driver.
WARNING - 2024-09-01 16:16:42 --> [DEPRECATED] Creation of dynamic property App\Controllers\Users\UsersController::$db is deprecated in APPPATH\Controllers\Users\UsersController.php on line 12.
 1 SYSTEMPATH\CodeIgniter.php(891): App\Controllers\Users\UsersController->__construct()
 2 SYSTEMPATH\CodeIgniter.php(485): CodeIgniter\CodeIgniter->createController()
 3 SYSTEMPATH\CodeIgniter.php(353): CodeIgniter\CodeIgniter->handleRequest(null, Object(Config\Cache), false)
 4 FCPATH\index.php(79): CodeIgniter\CodeIgniter->run()
INFO - 2024-09-01 16:16:42 --> Session: Class initialized using 'CodeIgniter\Session\Handlers\FileHandler' driver.
INFO - 2024-09-01 16:16:45 --> Session: Class initialized using 'CodeIgniter\Session\Handlers\FileHandler' driver.
WARNING - 2024-09-01 16:17:51 --> [DEPRECATED] Creation of dynamic property App\Controllers\Users\UsersController::$db is deprecated in APPPATH\Controllers\Users\UsersController.php on line 12.
 1 SYSTEMPATH\CodeIgniter.php(891): App\Controllers\Users\UsersController->__construct()
 2 SYSTEMPATH\CodeIgniter.php(485): CodeIgniter\CodeIgniter->createController()
 3 SYSTEMPATH\CodeIgniter.php(353): CodeIgniter\CodeIgniter->handleRequest(null, Object(Config\Cache), false)
 4 FCPATH\index.php(79): CodeIgniter\CodeIgniter->run()
INFO - 2024-09-01 16:17:51 --> Session: Class initialized using 'CodeIgniter\Session\Handlers\FileHandler' driver.
INFO - 2024-09-01 16:17:54 --> Session: Class initialized using 'CodeIgniter\Session\Handlers\FileHandler' driver.
WARNING - 2024-09-01 16:19:50 --> [DEPRECATED] Creation of dynamic property App\Controllers\Users\UsersController::$db is deprecated in APPPATH\Controllers\Users\UsersController.php on line 12.
 1 SYSTEMPATH\CodeIgniter.php(891): App\Controllers\Users\UsersController->__construct()
 2 SYSTEMPATH\CodeIgniter.php(485): CodeIgniter\CodeIgniter->createController()
 3 SYSTEMPATH\CodeIgniter.php(353): CodeIgniter\CodeIgniter->handleRequest(null, Object(Config\Cache), false)
 4 FCPATH\index.php(79): CodeIgniter\CodeIgniter->run()
INFO - 2024-09-01 16:19:50 --> Session: Class initialized using 'CodeIgniter\Session\Handlers\FileHandler' driver.
INFO - 2024-09-01 16:19:54 --> Session: Class initialized using 'CodeIgniter\Session\Handlers\FileHandler' driver.
WARNING - 2024-09-01 16:19:55 --> [DEPRECATED] Creation of dynamic property App\Controllers\Properties\PropertiesController::$db is deprecated in APPPATH\Controllers\Properties\PropertiesController.php on line 16.
 1 SYSTEMPATH\CodeIgniter.php(891): App\Controllers\Properties\PropertiesController->__construct()
 2 SYSTEMPATH\CodeIgniter.php(485): CodeIgniter\CodeIgniter->createController()
 3 SYSTEMPATH\CodeIgniter.php(353): CodeIgniter\CodeIgniter->handleRequest(null, Object(Config\Cache), false)
 4 FCPATH\index.php(79): CodeIgniter\CodeIgniter->run()
INFO - 2024-09-01 16:19:55 --> Session: Class initialized using 'CodeIgniter\Session\Handlers\FileHandler' driver.
INFO - 2024-09-01 16:19:58 --> Session: Class initialized using 'CodeIgniter\Session\Handlers\FileHandler' driver.
WARNING - 2024-09-01 16:20:02 --> [DEPRECATED] Creation of dynamic property App\Controllers\Users\UsersController::$db is deprecated in APPPATH\Controllers\Users\UsersController.php on line 12.
 1 SYSTEMPATH\CodeIgniter.php(891): App\Controllers\Users\UsersController->__construct()
 2 SYSTEMPATH\CodeIgniter.php(485): CodeIgniter\CodeIgniter->createController()
 3 SYSTEMPATH\CodeIgniter.php(353): CodeIgniter\CodeIgniter->handleRequest(null, Object(Config\Cache), false)
 4 FCPATH\index.php(79): CodeIgniter\CodeIgniter->run()
INFO - 2024-09-01 16:20:02 --> Session: Class initialized using 'CodeIgniter\Session\Handlers\FileHandler' driver.
INFO - 2024-09-01 16:20:04 --> Session: Class initialized using 'CodeIgniter\Session\Handlers\FileHandler' driver.
WARNING - 2024-09-01 16:23:59 --> [DEPRECATED] Creation of dynamic property App\Controllers\Users\UsersController::$db is deprecated in APPPATH\Controllers\Users\UsersController.php on line 12.
 1 SYSTEMPATH\CodeIgniter.php(891): App\Controllers\Users\UsersController->__construct()
 2 SYSTEMPATH\CodeIgniter.php(485): CodeIgniter\CodeIgniter->createController()
 3 SYSTEMPATH\CodeIgniter.php(353): CodeIgniter\CodeIgniter->handleRequest(null, Object(Config\Cache), false)
 4 FCPATH\index.php(79): CodeIgniter\CodeIgniter->run()
INFO - 2024-09-01 16:23:59 --> Session: Class initialized using 'CodeIgniter\Session\Handlers\FileHandler' driver.
INFO - 2024-09-01 16:24:02 --> Session: Class initialized using 'CodeIgniter\Session\Handlers\FileHandler' driver.
WARNING - 2024-09-01 16:33:26 --> [DEPRECATED] Creation of dynamic property App\Controllers\Users\UsersController::$db is deprecated in APPPATH\Controllers\Users\UsersController.php on line 12.
 1 SYSTEMPATH\CodeIgniter.php(891): App\Controllers\Users\UsersController->__construct()
 2 SYSTEMPATH\CodeIgniter.php(485): CodeIgniter\CodeIgniter->createController()
 3 SYSTEMPATH\CodeIgniter.php(353): CodeIgniter\CodeIgniter->handleRequest(null, Object(Config\Cache), false)
 4 FCPATH\index.php(79): CodeIgniter\CodeIgniter->run()
INFO - 2024-09-01 16:33:26 --> Session: Class initialized using 'CodeIgniter\Session\Handlers\FileHandler' driver.
INFO - 2024-09-01 16:33:29 --> Session: Class initialized using 'CodeIgniter\Session\Handlers\FileHandler' driver.
WARNING - 2024-09-01 16:33:32 --> [DEPRECATED] Creation of dynamic property App\Controllers\Users\UsersController::$db is deprecated in APPPATH\Controllers\Users\UsersController.php on line 12.
 1 SYSTEMPATH\CodeIgniter.php(891): App\Controllers\Users\UsersController->__construct()
 2 SYSTEMPATH\CodeIgniter.php(485): CodeIgniter\CodeIgniter->createController()
 3 SYSTEMPATH\CodeIgniter.php(353): CodeIgniter\CodeIgniter->handleRequest(null, Object(Config\Cache), false)
 4 FCPATH\index.php(79): CodeIgniter\CodeIgniter->run()
INFO - 2024-09-01 16:33:32 --> Session: Class initialized using 'CodeIgniter\Session\Handlers\FileHandler' driver.
INFO - 2024-09-01 16:33:35 --> Session: Class initialized using 'CodeIgniter\Session\Handlers\FileHandler' driver.
INFO - 2024-09-01 16:33:45 --> Session: Class initialized using 'CodeIgniter\Session\Handlers\FileHandler' driver.
INFO - 2024-09-01 16:33:48 --> Session: Class initialized using 'CodeIgniter\Session\Handlers\FileHandler' driver.
WARNING - 2024-09-01 16:33:51 --> [DEPRECATED] Creation of dynamic property App\Controllers\Properties\PropertiesController::$db is deprecated in APPPATH\Controllers\Properties\PropertiesController.php on line 16.
 1 SYSTEMPATH\CodeIgniter.php(891): App\Controllers\Properties\PropertiesController->__construct()
 2 SYSTEMPATH\CodeIgniter.php(485): CodeIgniter\CodeIgniter->createController()
 3 SYSTEMPATH\CodeIgniter.php(353): CodeIgniter\CodeIgniter->handleRequest(null, Object(Config\Cache), false)
 4 FCPATH\index.php(79): CodeIgniter\CodeIgniter->run()
INFO - 2024-09-01 16:33:51 --> Session: Class initialized using 'CodeIgniter\Session\Handlers\FileHandler' driver.
INFO - 2024-09-01 16:33:54 --> Session: Class initialized using 'CodeIgniter\Session\Handlers\FileHandler' driver.
WARNING - 2024-09-01 16:34:00 --> [DEPRECATED] Creation of dynamic property App\Controllers\Properties\PropertiesController::$db is deprecated in APPPATH\Controllers\Properties\PropertiesController.php on line 16.
 1 SYSTEMPATH\CodeIgniter.php(891): App\Controllers\Properties\PropertiesController->__construct()
 2 SYSTEMPATH\CodeIgniter.php(485): CodeIgniter\CodeIgniter->createController()
 3 SYSTEMPATH\CodeIgniter.php(353): CodeIgniter\CodeIgniter->handleRequest(null, Object(Config\Cache), false)
 4 FCPATH\index.php(79): CodeIgniter\CodeIgniter->run()
INFO - 2024-09-01 16:34:00 --> Session: Class initialized using 'CodeIgniter\Session\Handlers\FileHandler' driver.
WARNING - 2024-09-01 16:34:01 --> [DEPRECATED] Creation of dynamic property App\Controllers\Properties\PropertiesController::$db is deprecated in APPPATH\Controllers\Properties\PropertiesController.php on line 16.
 1 SYSTEMPATH\CodeIgniter.php(891): App\Controllers\Properties\PropertiesController->__construct()
 2 SYSTEMPATH\CodeIgniter.php(485): CodeIgniter\CodeIgniter->createController()
 3 SYSTEMPATH\CodeIgniter.php(353): CodeIgniter\CodeIgniter->handleRequest(null, Object(Config\Cache), false)
 4 FCPATH\index.php(79): CodeIgniter\CodeIgniter->run()
INFO - 2024-09-01 16:34:01 --> Session: Class initialized using 'CodeIgniter\Session\Handlers\FileHandler' driver.
INFO - 2024-09-01 16:34:04 --> Session: Class initialized using 'CodeIgniter\Session\Handlers\FileHandler' driver.
WARNING - 2024-09-01 16:34:14 --> [DEPRECATED] Creation of dynamic property App\Controllers\Users\UsersController::$db is deprecated in APPPATH\Controllers\Users\UsersController.php on line 12.
 1 SYSTEMPATH\CodeIgniter.php(891): App\Controllers\Users\UsersController->__construct()
 2 SYSTEMPATH\CodeIgniter.php(485): CodeIgniter\CodeIgniter->createController()
 3 SYSTEMPATH\CodeIgniter.php(353): CodeIgniter\CodeIgniter->handleRequest(null, Object(Config\Cache), false)
 4 FCPATH\index.php(79): CodeIgniter\CodeIgniter->run()
INFO - 2024-09-01 16:34:14 --> Session: Class initialized using 'CodeIgniter\Session\Handlers\FileHandler' driver.
INFO - 2024-09-01 16:34:17 --> Session: Class initialized using 'CodeIgniter\Session\Handlers\FileHandler' driver.
