WARNING - 2024-08-31 06:36:07 --> [DEPRECATED] Creation of dynamic property App\Controllers\Properties\PropertiesController::$db is deprecated in APPPATH\Controllers\Properties\PropertiesController.php on line 12.
 1 SYSTEMPATH\CodeIgniter.php(891): App\Controllers\Properties\PropertiesController->__construct()
 2 SYSTEMPATH\CodeIgniter.php(485): CodeIgniter\CodeIgniter->createController()
 3 SYSTEMPATH\CodeIgniter.php(353): CodeIgniter\CodeIgniter->handleRequest(null, Object(Config\Cache), false)
 4 FCPATH\index.php(79): CodeIgniter\CodeIgniter->run()
INFO - 2024-08-31 06:36:08 --> Session: Class initialized using 'CodeIgniter\Session\Handlers\FileHandler' driver.
INFO - 2024-08-31 06:36:12 --> Session: Class initialized using 'CodeIgniter\Session\Handlers\FileHandler' driver.
WARNING - 2024-08-31 06:53:27 --> [DEPRECATED] Creation of dynamic property App\Controllers\Properties\PropertiesController::$db is deprecated in APPPATH\Controllers\Properties\PropertiesController.php on line 12.
 1 SYSTEMPATH\CodeIgniter.php(891): App\Controllers\Properties\PropertiesController->__construct()
 2 SYSTEMPATH\CodeIgniter.php(485): CodeIgniter\CodeIgniter->createController()
 3 SYSTEMPATH\CodeIgniter.php(353): CodeIgniter\CodeIgniter->handleRequest(null, Object(Config\Cache), false)
 4 FCPATH\index.php(79): CodeIgniter\CodeIgniter->run()
INFO - 2024-08-31 06:53:27 --> Session: Class initialized using 'CodeIgniter\Session\Handlers\FileHandler' driver.
INFO - 2024-08-31 06:53:29 --> Session: Class initialized using 'CodeIgniter\Session\Handlers\FileHandler' driver.
WARNING - 2024-08-31 20:30:45 --> [DEPRECATED] Creation of dynamic property App\Controllers\Properties\PropertiesController::$db is deprecated in APPPATH\Controllers\Properties\PropertiesController.php on line 12.
 1 SYSTEMPATH\CodeIgniter.php(891): App\Controllers\Properties\PropertiesController->__construct()
 2 SYSTEMPATH\CodeIgniter.php(485): CodeIgniter\CodeIgniter->createController()
 3 SYSTEMPATH\CodeIgniter.php(353): CodeIgniter\CodeIgniter->handleRequest(null, Object(Config\Cache), false)
 4 FCPATH\index.php(79): CodeIgniter\CodeIgniter->run()
INFO - 2024-08-31 20:30:46 --> Session: Class initialized using 'CodeIgniter\Session\Handlers\FileHandler' driver.
INFO - 2024-08-31 20:30:50 --> Session: Class initialized using 'CodeIgniter\Session\Handlers\FileHandler' driver.
INFO - 2024-08-31 20:30:54 --> Session: Class initialized using 'CodeIgniter\Session\Handlers\FileHandler' driver.
INFO - 2024-08-31 20:30:57 --> Session: Class initialized using 'CodeIgniter\Session\Handlers\FileHandler' driver.
WARNING - 2024-08-31 20:55:03 --> [DEPRECATED] Creation of dynamic property App\Controllers\Properties\PropertiesController::$db is deprecated in APPPATH\Controllers\Properties\PropertiesController.php on line 13.
 1 SYSTEMPATH\CodeIgniter.php(891): App\Controllers\Properties\PropertiesController->__construct()
 2 SYSTEMPATH\CodeIgniter.php(485): CodeIgniter\CodeIgniter->createController()
 3 SYSTEMPATH\CodeIgniter.php(353): CodeIgniter\CodeIgniter->handleRequest(null, Object(Config\Cache), false)
 4 FCPATH\index.php(79): CodeIgniter\CodeIgniter->run()
CRITICAL - 2024-08-31 20:55:03 --> Class "App\Models\Property\Image" not found
in APPPATH\Controllers\Properties\PropertiesController.php on line 38.
 1 SYSTEMPATH\CodeIgniter.php(919): App\Controllers\Properties\PropertiesController->propSingle('1')
 2 SYSTEMPATH\CodeIgniter.php(494): CodeIgniter\CodeIgniter->runController(Object(App\Controllers\Properties\PropertiesController))
 3 SYSTEMPATH\CodeIgniter.php(353): CodeIgniter\CodeIgniter->handleRequest(null, Object(Config\Cache), false)
 4 FCPATH\index.php(79): CodeIgniter\CodeIgniter->run()
WARNING - 2024-08-31 20:55:34 --> [DEPRECATED] Creation of dynamic property App\Controllers\Properties\PropertiesController::$db is deprecated in APPPATH\Controllers\Properties\PropertiesController.php on line 13.
 1 SYSTEMPATH\CodeIgniter.php(891): App\Controllers\Properties\PropertiesController->__construct()
 2 SYSTEMPATH\CodeIgniter.php(485): CodeIgniter\CodeIgniter->createController()
 3 SYSTEMPATH\CodeIgniter.php(353): CodeIgniter\CodeIgniter->handleRequest(null, Object(Config\Cache), false)
 4 FCPATH\index.php(79): CodeIgniter\CodeIgniter->run()
CRITICAL - 2024-08-31 20:55:35 --> syntax error, unexpected end of file
in APPPATH\Views\props\single.php on line 288.
 1 SYSTEMPATH\View\View.php(229): CodeIgniter\View\View->CodeIgniter\View\{closure}()
 2 SYSTEMPATH\Common.php(1188): CodeIgniter\View\View->render('props/single', [], true)
 3 APPPATH\Controllers\Properties\PropertiesController.php(47): view('props/single', [...])
 4 SYSTEMPATH\CodeIgniter.php(919): App\Controllers\Properties\PropertiesController->propSingle('1')
 5 SYSTEMPATH\CodeIgniter.php(494): CodeIgniter\CodeIgniter->runController(Object(App\Controllers\Properties\PropertiesController))
 6 SYSTEMPATH\CodeIgniter.php(353): CodeIgniter\CodeIgniter->handleRequest(null, Object(Config\Cache), false)
 7 FCPATH\index.php(79): CodeIgniter\CodeIgniter->run()
WARNING - 2024-08-31 20:56:27 --> [DEPRECATED] Creation of dynamic property App\Controllers\Properties\PropertiesController::$db is deprecated in APPPATH\Controllers\Properties\PropertiesController.php on line 13.
 1 SYSTEMPATH\CodeIgniter.php(891): App\Controllers\Properties\PropertiesController->__construct()
 2 SYSTEMPATH\CodeIgniter.php(485): CodeIgniter\CodeIgniter->createController()
 3 SYSTEMPATH\CodeIgniter.php(353): CodeIgniter\CodeIgniter->handleRequest(null, Object(Config\Cache), false)
 4 FCPATH\index.php(79): CodeIgniter\CodeIgniter->run()
CRITICAL - 2024-08-31 20:56:27 --> Attempt to read property "image" on string
in APPPATH\Views\props\single.php on line 5.
 1 APPPATH\Views\props\single.php(5): CodeIgniter\Debug\Exceptions->errorHandler(2, 'Attempt to read property "image" on string', 'C:\\xampp\\htdocs\\ci-homeland\\app\\Views\\props\\single.php', 5)
 2 SYSTEMPATH\View\View.php(226): include('C:\\xampp\\htdocs\\ci-homeland\\app\\Views\\props\\single.php')
 3 SYSTEMPATH\View\View.php(229): CodeIgniter\View\View->CodeIgniter\View\{closure}()
 4 SYSTEMPATH\Common.php(1188): CodeIgniter\View\View->render('props/single', [], true)
 5 APPPATH\Controllers\Properties\PropertiesController.php(47): view('props/single', [...])
 6 SYSTEMPATH\CodeIgniter.php(919): App\Controllers\Properties\PropertiesController->propSingle('1')
 7 SYSTEMPATH\CodeIgniter.php(494): CodeIgniter\CodeIgniter->runController(Object(App\Controllers\Properties\PropertiesController))
 8 SYSTEMPATH\CodeIgniter.php(353): CodeIgniter\CodeIgniter->handleRequest(null, Object(Config\Cache), false)
 9 FCPATH\index.php(79): CodeIgniter\CodeIgniter->run()
WARNING - 2024-08-31 20:57:30 --> [DEPRECATED] Creation of dynamic property App\Controllers\Properties\PropertiesController::$db is deprecated in APPPATH\Controllers\Properties\PropertiesController.php on line 13.
 1 SYSTEMPATH\CodeIgniter.php(891): App\Controllers\Properties\PropertiesController->__construct()
 2 SYSTEMPATH\CodeIgniter.php(485): CodeIgniter\CodeIgniter->createController()
 3 SYSTEMPATH\CodeIgniter.php(353): CodeIgniter\CodeIgniter->handleRequest(null, Object(Config\Cache), false)
 4 FCPATH\index.php(79): CodeIgniter\CodeIgniter->run()
CRITICAL - 2024-08-31 20:57:30 --> Undefined constant "image"
in APPPATH\Views\props\single.php on line 22.
 1 SYSTEMPATH\View\View.php(226): include()
 2 SYSTEMPATH\View\View.php(229): CodeIgniter\View\View->CodeIgniter\View\{closure}()
 3 SYSTEMPATH\Common.php(1188): CodeIgniter\View\View->render('props/single', [], true)
 4 APPPATH\Controllers\Properties\PropertiesController.php(47): view('props/single', [...])
 5 SYSTEMPATH\CodeIgniter.php(919): App\Controllers\Properties\PropertiesController->propSingle('1')
 6 SYSTEMPATH\CodeIgniter.php(494): CodeIgniter\CodeIgniter->runController(Object(App\Controllers\Properties\PropertiesController))
 7 SYSTEMPATH\CodeIgniter.php(353): CodeIgniter\CodeIgniter->handleRequest(null, Object(Config\Cache), false)
 8 FCPATH\index.php(79): CodeIgniter\CodeIgniter->run()
WARNING - 2024-08-31 20:57:59 --> [DEPRECATED] Creation of dynamic property App\Controllers\Properties\PropertiesController::$db is deprecated in APPPATH\Controllers\Properties\PropertiesController.php on line 13.
 1 SYSTEMPATH\CodeIgniter.php(891): App\Controllers\Properties\PropertiesController->__construct()
 2 SYSTEMPATH\CodeIgniter.php(485): CodeIgniter\CodeIgniter->createController()
 3 SYSTEMPATH\CodeIgniter.php(353): CodeIgniter\CodeIgniter->handleRequest(null, Object(Config\Cache), false)
 4 FCPATH\index.php(79): CodeIgniter\CodeIgniter->run()
CRITICAL - 2024-08-31 20:57:59 --> Attempt to read property "image" on array
in APPPATH\Views\props\single.php on line 22.
 1 APPPATH\Views\props\single.php(22): CodeIgniter\Debug\Exceptions->errorHandler(2, 'Attempt to read property "image" on array', 'C:\\xampp\\htdocs\\ci-homeland\\app\\Views\\props\\single.php', 22)
 2 SYSTEMPATH\View\View.php(226): include('C:\\xampp\\htdocs\\ci-homeland\\app\\Views\\props\\single.php')
 3 SYSTEMPATH\View\View.php(229): CodeIgniter\View\View->CodeIgniter\View\{closure}()
 4 SYSTEMPATH\Common.php(1188): CodeIgniter\View\View->render('props/single', [], true)
 5 APPPATH\Controllers\Properties\PropertiesController.php(47): view('props/single', [...])
 6 SYSTEMPATH\CodeIgniter.php(919): App\Controllers\Properties\PropertiesController->propSingle('1')
 7 SYSTEMPATH\CodeIgniter.php(494): CodeIgniter\CodeIgniter->runController(Object(App\Controllers\Properties\PropertiesController))
 8 SYSTEMPATH\CodeIgniter.php(353): CodeIgniter\CodeIgniter->handleRequest(null, Object(Config\Cache), false)
 9 FCPATH\index.php(79): CodeIgniter\CodeIgniter->run()
WARNING - 2024-08-31 20:59:10 --> [DEPRECATED] Creation of dynamic property App\Controllers\Properties\PropertiesController::$db is deprecated in APPPATH\Controllers\Properties\PropertiesController.php on line 13.
 1 SYSTEMPATH\CodeIgniter.php(891): App\Controllers\Properties\PropertiesController->__construct()
 2 SYSTEMPATH\CodeIgniter.php(485): CodeIgniter\CodeIgniter->createController()
 3 SYSTEMPATH\CodeIgniter.php(353): CodeIgniter\CodeIgniter->handleRequest(null, Object(Config\Cache), false)
 4 FCPATH\index.php(79): CodeIgniter\CodeIgniter->run()
CRITICAL - 2024-08-31 20:59:10 --> Cannot use object of type stdClass as array
in APPPATH\Views\props\single.php on line 22.
 1 SYSTEMPATH\View\View.php(226): include()
 2 SYSTEMPATH\View\View.php(229): CodeIgniter\View\View->CodeIgniter\View\{closure}()
 3 SYSTEMPATH\Common.php(1188): CodeIgniter\View\View->render('props/single', [], true)
 4 APPPATH\Controllers\Properties\PropertiesController.php(47): view('props/single', [...])
 5 SYSTEMPATH\CodeIgniter.php(919): App\Controllers\Properties\PropertiesController->propSingle('1')
 6 SYSTEMPATH\CodeIgniter.php(494): CodeIgniter\CodeIgniter->runController(Object(App\Controllers\Properties\PropertiesController))
 7 SYSTEMPATH\CodeIgniter.php(353): CodeIgniter\CodeIgniter->handleRequest(null, Object(Config\Cache), false)
 8 FCPATH\index.php(79): CodeIgniter\CodeIgniter->run()
WARNING - 2024-08-31 21:01:11 --> [DEPRECATED] Creation of dynamic property App\Controllers\Properties\PropertiesController::$db is deprecated in APPPATH\Controllers\Properties\PropertiesController.php on line 13.
 1 SYSTEMPATH\CodeIgniter.php(891): App\Controllers\Properties\PropertiesController->__construct()
 2 SYSTEMPATH\CodeIgniter.php(485): CodeIgniter\CodeIgniter->createController()
 3 SYSTEMPATH\CodeIgniter.php(353): CodeIgniter\CodeIgniter->handleRequest(null, Object(Config\Cache), false)
 4 FCPATH\index.php(79): CodeIgniter\CodeIgniter->run()
INFO - 2024-08-31 21:01:12 --> Session: Class initialized using 'CodeIgniter\Session\Handlers\FileHandler' driver.
INFO - 2024-08-31 21:01:15 --> Session: Class initialized using 'CodeIgniter\Session\Handlers\FileHandler' driver.
WARNING - 2024-08-31 21:03:08 --> [DEPRECATED] Creation of dynamic property App\Controllers\Properties\PropertiesController::$db is deprecated in APPPATH\Controllers\Properties\PropertiesController.php on line 13.
 1 SYSTEMPATH\CodeIgniter.php(891): App\Controllers\Properties\PropertiesController->__construct()
 2 SYSTEMPATH\CodeIgniter.php(485): CodeIgniter\CodeIgniter->createController()
 3 SYSTEMPATH\CodeIgniter.php(353): CodeIgniter\CodeIgniter->handleRequest(null, Object(Config\Cache), false)
 4 FCPATH\index.php(79): CodeIgniter\CodeIgniter->run()
INFO - 2024-08-31 21:03:08 --> Session: Class initialized using 'CodeIgniter\Session\Handlers\FileHandler' driver.
INFO - 2024-08-31 21:03:11 --> Session: Class initialized using 'CodeIgniter\Session\Handlers\FileHandler' driver.
WARNING - 2024-08-31 21:08:30 --> [DEPRECATED] Creation of dynamic property App\Controllers\Properties\PropertiesController::$db is deprecated in APPPATH\Controllers\Properties\PropertiesController.php on line 13.
 1 SYSTEMPATH\CodeIgniter.php(891): App\Controllers\Properties\PropertiesController->__construct()
 2 SYSTEMPATH\CodeIgniter.php(485): CodeIgniter\CodeIgniter->createController()
 3 SYSTEMPATH\CodeIgniter.php(353): CodeIgniter\CodeIgniter->handleRequest(null, Object(Config\Cache), false)
 4 FCPATH\index.php(79): CodeIgniter\CodeIgniter->run()
INFO - 2024-08-31 21:08:30 --> Session: Class initialized using 'CodeIgniter\Session\Handlers\FileHandler' driver.
INFO - 2024-08-31 21:08:33 --> Session: Class initialized using 'CodeIgniter\Session\Handlers\FileHandler' driver.
WARNING - 2024-08-31 21:10:06 --> [DEPRECATED] Creation of dynamic property App\Controllers\Properties\PropertiesController::$db is deprecated in APPPATH\Controllers\Properties\PropertiesController.php on line 13.
 1 SYSTEMPATH\CodeIgniter.php(891): App\Controllers\Properties\PropertiesController->__construct()
 2 SYSTEMPATH\CodeIgniter.php(485): CodeIgniter\CodeIgniter->createController()
 3 SYSTEMPATH\CodeIgniter.php(353): CodeIgniter\CodeIgniter->handleRequest(null, Object(Config\Cache), false)
 4 FCPATH\index.php(79): CodeIgniter\CodeIgniter->run()
INFO - 2024-08-31 21:10:06 --> Session: Class initialized using 'CodeIgniter\Session\Handlers\FileHandler' driver.
WARNING - 2024-08-31 21:10:11 --> [DEPRECATED] Creation of dynamic property App\Controllers\Properties\PropertiesController::$db is deprecated in APPPATH\Controllers\Properties\PropertiesController.php on line 13.
 1 SYSTEMPATH\CodeIgniter.php(891): App\Controllers\Properties\PropertiesController->__construct()
 2 SYSTEMPATH\CodeIgniter.php(485): CodeIgniter\CodeIgniter->createController()
 3 SYSTEMPATH\CodeIgniter.php(353): CodeIgniter\CodeIgniter->handleRequest(null, Object(Config\Cache), false)
 4 FCPATH\index.php(79): CodeIgniter\CodeIgniter->run()
INFO - 2024-08-31 21:10:12 --> Session: Class initialized using 'CodeIgniter\Session\Handlers\FileHandler' driver.
WARNING - 2024-08-31 21:11:38 --> [DEPRECATED] Creation of dynamic property App\Controllers\Properties\PropertiesController::$db is deprecated in APPPATH\Controllers\Properties\PropertiesController.php on line 13.
 1 SYSTEMPATH\CodeIgniter.php(891): App\Controllers\Properties\PropertiesController->__construct()
 2 SYSTEMPATH\CodeIgniter.php(485): CodeIgniter\CodeIgniter->createController()
 3 SYSTEMPATH\CodeIgniter.php(353): CodeIgniter\CodeIgniter->handleRequest(null, Object(Config\Cache), false)
 4 FCPATH\index.php(79): CodeIgniter\CodeIgniter->run()
INFO - 2024-08-31 21:11:38 --> Session: Class initialized using 'CodeIgniter\Session\Handlers\FileHandler' driver.
INFO - 2024-08-31 21:11:41 --> Session: Class initialized using 'CodeIgniter\Session\Handlers\FileHandler' driver.
WARNING - 2024-08-31 21:16:59 --> [DEPRECATED] Creation of dynamic property App\Controllers\Properties\PropertiesController::$db is deprecated in APPPATH\Controllers\Properties\PropertiesController.php on line 13.
 1 SYSTEMPATH\CodeIgniter.php(891): App\Controllers\Properties\PropertiesController->__construct()
 2 SYSTEMPATH\CodeIgniter.php(485): CodeIgniter\CodeIgniter->createController()
 3 SYSTEMPATH\CodeIgniter.php(353): CodeIgniter\CodeIgniter->handleRequest(null, Object(Config\Cache), false)
 4 FCPATH\index.php(79): CodeIgniter\CodeIgniter->run()
WARNING - 2024-08-31 21:18:07 --> [DEPRECATED] Creation of dynamic property App\Controllers\Properties\PropertiesController::$db is deprecated in APPPATH\Controllers\Properties\PropertiesController.php on line 13.
 1 SYSTEMPATH\CodeIgniter.php(891): App\Controllers\Properties\PropertiesController->__construct()
 2 SYSTEMPATH\CodeIgniter.php(485): CodeIgniter\CodeIgniter->createController()
 3 SYSTEMPATH\CodeIgniter.php(353): CodeIgniter\CodeIgniter->handleRequest(null, Object(Config\Cache), false)
 4 FCPATH\index.php(79): CodeIgniter\CodeIgniter->run()
CRITICAL - 2024-08-31 21:18:07 --> Attempt to read property "home_type" on array
in APPPATH\Controllers\Properties\PropertiesController.php on line 47.
 1 APPPATH\Controllers\Properties\PropertiesController.php(47): CodeIgniter\Debug\Exceptions->errorHandler(2, 'Attempt to read property "home_type" on array', 'C:\\xampp\\htdocs\\ci-homeland\\app\\Controllers\\Properties\\PropertiesController.php', 47)
 2 SYSTEMPATH\CodeIgniter.php(919): App\Controllers\Properties\PropertiesController->propSingle('1')
 3 SYSTEMPATH\CodeIgniter.php(494): CodeIgniter\CodeIgniter->runController(Object(App\Controllers\Properties\PropertiesController))
 4 SYSTEMPATH\CodeIgniter.php(353): CodeIgniter\CodeIgniter->handleRequest(null, Object(Config\Cache), false)
 5 FCPATH\index.php(79): CodeIgniter\CodeIgniter->run()
WARNING - 2024-08-31 21:18:29 --> [DEPRECATED] Creation of dynamic property App\Controllers\Properties\PropertiesController::$db is deprecated in APPPATH\Controllers\Properties\PropertiesController.php on line 13.
 1 SYSTEMPATH\CodeIgniter.php(891): App\Controllers\Properties\PropertiesController->__construct()
 2 SYSTEMPATH\CodeIgniter.php(485): CodeIgniter\CodeIgniter->createController()
 3 SYSTEMPATH\CodeIgniter.php(353): CodeIgniter\CodeIgniter->handleRequest(null, Object(Config\Cache), false)
 4 FCPATH\index.php(79): CodeIgniter\CodeIgniter->run()
CRITICAL - 2024-08-31 21:18:29 --> Undefined variable $singlePropsp
in APPPATH\Controllers\Properties\PropertiesController.php on line 47.
 1 APPPATH\Controllers\Properties\PropertiesController.php(47): CodeIgniter\Debug\Exceptions->errorHandler(2, 'Undefined variable $singlePropsp', 'C:\\xampp\\htdocs\\ci-homeland\\app\\Controllers\\Properties\\PropertiesController.php', 47)
 2 SYSTEMPATH\CodeIgniter.php(919): App\Controllers\Properties\PropertiesController->propSingle('1')
 3 SYSTEMPATH\CodeIgniter.php(494): CodeIgniter\CodeIgniter->runController(Object(App\Controllers\Properties\PropertiesController))
 4 SYSTEMPATH\CodeIgniter.php(353): CodeIgniter\CodeIgniter->handleRequest(null, Object(Config\Cache), false)
 5 FCPATH\index.php(79): CodeIgniter\CodeIgniter->run()
WARNING - 2024-08-31 21:19:05 --> [DEPRECATED] Creation of dynamic property App\Controllers\Properties\PropertiesController::$db is deprecated in APPPATH\Controllers\Properties\PropertiesController.php on line 13.
 1 SYSTEMPATH\CodeIgniter.php(891): App\Controllers\Properties\PropertiesController->__construct()
 2 SYSTEMPATH\CodeIgniter.php(485): CodeIgniter\CodeIgniter->createController()
 3 SYSTEMPATH\CodeIgniter.php(353): CodeIgniter\CodeIgniter->handleRequest(null, Object(Config\Cache), false)
 4 FCPATH\index.php(79): CodeIgniter\CodeIgniter->run()
WARNING - 2024-08-31 21:19:41 --> [DEPRECATED] Creation of dynamic property App\Controllers\Properties\PropertiesController::$db is deprecated in APPPATH\Controllers\Properties\PropertiesController.php on line 13.
 1 SYSTEMPATH\CodeIgniter.php(891): App\Controllers\Properties\PropertiesController->__construct()
 2 SYSTEMPATH\CodeIgniter.php(485): CodeIgniter\CodeIgniter->createController()
 3 SYSTEMPATH\CodeIgniter.php(353): CodeIgniter\CodeIgniter->handleRequest(null, Object(Config\Cache), false)
 4 FCPATH\index.php(79): CodeIgniter\CodeIgniter->run()
CRITICAL - 2024-08-31 21:19:42 --> Object of class stdClass could not be converted to string
in APPPATH\Controllers\Properties\PropertiesController.php on line 47.
 1 SYSTEMPATH\CodeIgniter.php(919): App\Controllers\Properties\PropertiesController->propSingle('1')
 2 SYSTEMPATH\CodeIgniter.php(494): CodeIgniter\CodeIgniter->runController(Object(App\Controllers\Properties\PropertiesController))
 3 SYSTEMPATH\CodeIgniter.php(353): CodeIgniter\CodeIgniter->handleRequest(null, Object(Config\Cache), false)
 4 FCPATH\index.php(79): CodeIgniter\CodeIgniter->run()
WARNING - 2024-08-31 21:20:27 --> [DEPRECATED] Creation of dynamic property App\Controllers\Properties\PropertiesController::$db is deprecated in APPPATH\Controllers\Properties\PropertiesController.php on line 13.
 1 SYSTEMPATH\CodeIgniter.php(891): App\Controllers\Properties\PropertiesController->__construct()
 2 SYSTEMPATH\CodeIgniter.php(485): CodeIgniter\CodeIgniter->createController()
 3 SYSTEMPATH\CodeIgniter.php(353): CodeIgniter\CodeIgniter->handleRequest(null, Object(Config\Cache), false)
 4 FCPATH\index.php(79): CodeIgniter\CodeIgniter->run()
CRITICAL - 2024-08-31 21:20:28 --> Attempt to read property "home_type" on array
in APPPATH\Controllers\Properties\PropertiesController.php on line 47.
 1 APPPATH\Controllers\Properties\PropertiesController.php(47): CodeIgniter\Debug\Exceptions->errorHandler(2, 'Attempt to read property "home_type" on array', 'C:\\xampp\\htdocs\\ci-homeland\\app\\Controllers\\Properties\\PropertiesController.php', 47)
 2 SYSTEMPATH\CodeIgniter.php(919): App\Controllers\Properties\PropertiesController->propSingle('1')
 3 SYSTEMPATH\CodeIgniter.php(494): CodeIgniter\CodeIgniter->runController(Object(App\Controllers\Properties\PropertiesController))
 4 SYSTEMPATH\CodeIgniter.php(353): CodeIgniter\CodeIgniter->handleRequest(null, Object(Config\Cache), false)
 5 FCPATH\index.php(79): CodeIgniter\CodeIgniter->run()
WARNING - 2024-08-31 21:21:19 --> [DEPRECATED] Creation of dynamic property App\Controllers\Properties\PropertiesController::$db is deprecated in APPPATH\Controllers\Properties\PropertiesController.php on line 13.
 1 SYSTEMPATH\CodeIgniter.php(891): App\Controllers\Properties\PropertiesController->__construct()
 2 SYSTEMPATH\CodeIgniter.php(485): CodeIgniter\CodeIgniter->createController()
 3 SYSTEMPATH\CodeIgniter.php(353): CodeIgniter\CodeIgniter->handleRequest(null, Object(Config\Cache), false)
 4 FCPATH\index.php(79): CodeIgniter\CodeIgniter->run()
CRITICAL - 2024-08-31 21:21:19 --> Object of class stdClass could not be converted to string
in APPPATH\Controllers\Properties\PropertiesController.php on line 47.
 1 SYSTEMPATH\CodeIgniter.php(919): App\Controllers\Properties\PropertiesController->propSingle('1')
 2 SYSTEMPATH\CodeIgniter.php(494): CodeIgniter\CodeIgniter->runController(Object(App\Controllers\Properties\PropertiesController))
 3 SYSTEMPATH\CodeIgniter.php(353): CodeIgniter\CodeIgniter->handleRequest(null, Object(Config\Cache), false)
 4 FCPATH\index.php(79): CodeIgniter\CodeIgniter->run()
WARNING - 2024-08-31 21:23:23 --> [DEPRECATED] Creation of dynamic property App\Controllers\Properties\PropertiesController::$db is deprecated in APPPATH\Controllers\Properties\PropertiesController.php on line 13.
 1 SYSTEMPATH\CodeIgniter.php(891): App\Controllers\Properties\PropertiesController->__construct()
 2 SYSTEMPATH\CodeIgniter.php(485): CodeIgniter\CodeIgniter->createController()
 3 SYSTEMPATH\CodeIgniter.php(353): CodeIgniter\CodeIgniter->handleRequest(null, Object(Config\Cache), false)
 4 FCPATH\index.php(79): CodeIgniter\CodeIgniter->run()
CRITICAL - 2024-08-31 21:23:24 --> Attempt to read property "home_type" on array
in APPPATH\Controllers\Properties\PropertiesController.php on line 46.
 1 APPPATH\Controllers\Properties\PropertiesController.php(46): CodeIgniter\Debug\Exceptions->errorHandler(2, 'Attempt to read property "home_type" on array', 'C:\\xampp\\htdocs\\ci-homeland\\app\\Controllers\\Properties\\PropertiesController.php', 46)
 2 SYSTEMPATH\CodeIgniter.php(919): App\Controllers\Properties\PropertiesController->propSingle('1')
 3 SYSTEMPATH\CodeIgniter.php(494): CodeIgniter\CodeIgniter->runController(Object(App\Controllers\Properties\PropertiesController))
 4 SYSTEMPATH\CodeIgniter.php(353): CodeIgniter\CodeIgniter->handleRequest(null, Object(Config\Cache), false)
 5 FCPATH\index.php(79): CodeIgniter\CodeIgniter->run()
WARNING - 2024-08-31 21:24:34 --> [DEPRECATED] Creation of dynamic property App\Controllers\Properties\PropertiesController::$db is deprecated in APPPATH\Controllers\Properties\PropertiesController.php on line 13.
 1 SYSTEMPATH\CodeIgniter.php(891): App\Controllers\Properties\PropertiesController->__construct()
 2 SYSTEMPATH\CodeIgniter.php(485): CodeIgniter\CodeIgniter->createController()
 3 SYSTEMPATH\CodeIgniter.php(353): CodeIgniter\CodeIgniter->handleRequest(null, Object(Config\Cache), false)
 4 FCPATH\index.php(79): CodeIgniter\CodeIgniter->run()
WARNING - 2024-08-31 21:25:09 --> [DEPRECATED] Creation of dynamic property App\Controllers\Properties\PropertiesController::$db is deprecated in APPPATH\Controllers\Properties\PropertiesController.php on line 13.
 1 SYSTEMPATH\CodeIgniter.php(891): App\Controllers\Properties\PropertiesController->__construct()
 2 SYSTEMPATH\CodeIgniter.php(485): CodeIgniter\CodeIgniter->createController()
 3 SYSTEMPATH\CodeIgniter.php(353): CodeIgniter\CodeIgniter->handleRequest(null, Object(Config\Cache), false)
 4 FCPATH\index.php(79): CodeIgniter\CodeIgniter->run()
WARNING - 2024-08-31 21:26:05 --> [DEPRECATED] Creation of dynamic property App\Controllers\Properties\PropertiesController::$db is deprecated in APPPATH\Controllers\Properties\PropertiesController.php on line 13.
 1 SYSTEMPATH\CodeIgniter.php(891): App\Controllers\Properties\PropertiesController->__construct()
 2 SYSTEMPATH\CodeIgniter.php(485): CodeIgniter\CodeIgniter->createController()
 3 SYSTEMPATH\CodeIgniter.php(353): CodeIgniter\CodeIgniter->handleRequest(null, Object(Config\Cache), false)
 4 FCPATH\index.php(79): CodeIgniter\CodeIgniter->run()
CRITICAL - 2024-08-31 21:26:05 --> Object of class stdClass could not be converted to string
in APPPATH\Controllers\Properties\PropertiesController.php on line 51.
 1 SYSTEMPATH\CodeIgniter.php(919): App\Controllers\Properties\PropertiesController->propSingle('1')
 2 SYSTEMPATH\CodeIgniter.php(494): CodeIgniter\CodeIgniter->runController(Object(App\Controllers\Properties\PropertiesController))
 3 SYSTEMPATH\CodeIgniter.php(353): CodeIgniter\CodeIgniter->handleRequest(null, Object(Config\Cache), false)
 4 FCPATH\index.php(79): CodeIgniter\CodeIgniter->run()
WARNING - 2024-08-31 21:27:09 --> [DEPRECATED] Creation of dynamic property App\Controllers\Properties\PropertiesController::$db is deprecated in APPPATH\Controllers\Properties\PropertiesController.php on line 13.
 1 SYSTEMPATH\CodeIgniter.php(891): App\Controllers\Properties\PropertiesController->__construct()
 2 SYSTEMPATH\CodeIgniter.php(485): CodeIgniter\CodeIgniter->createController()
 3 SYSTEMPATH\CodeIgniter.php(353): CodeIgniter\CodeIgniter->handleRequest(null, Object(Config\Cache), false)
 4 FCPATH\index.php(79): CodeIgniter\CodeIgniter->run()
INFO - 2024-08-31 21:27:09 --> Session: Class initialized using 'CodeIgniter\Session\Handlers\FileHandler' driver.
INFO - 2024-08-31 21:27:12 --> Session: Class initialized using 'CodeIgniter\Session\Handlers\FileHandler' driver.
WARNING - 2024-08-31 21:36:35 --> [DEPRECATED] Creation of dynamic property App\Controllers\Properties\PropertiesController::$db is deprecated in APPPATH\Controllers\Properties\PropertiesController.php on line 13.
 1 SYSTEMPATH\CodeIgniter.php(891): App\Controllers\Properties\PropertiesController->__construct()
 2 SYSTEMPATH\CodeIgniter.php(485): CodeIgniter\CodeIgniter->createController()
 3 SYSTEMPATH\CodeIgniter.php(353): CodeIgniter\CodeIgniter->handleRequest(null, Object(Config\Cache), false)
 4 FCPATH\index.php(79): CodeIgniter\CodeIgniter->run()
CRITICAL - 2024-08-31 21:36:35 --> Undefined variable $relatedPorps
in APPPATH\Views\props\single.php on line 133.
 1 APPPATH\Views\props\single.php(133): CodeIgniter\Debug\Exceptions->errorHandler(2, 'Undefined variable $relatedPorps', 'C:\\xampp\\htdocs\\ci-homeland\\app\\Views\\props\\single.php', 133)
 2 SYSTEMPATH\View\View.php(226): include('C:\\xampp\\htdocs\\ci-homeland\\app\\Views\\props\\single.php')
 3 SYSTEMPATH\View\View.php(229): CodeIgniter\View\View->CodeIgniter\View\{closure}()
 4 SYSTEMPATH\Common.php(1188): CodeIgniter\View\View->render('props/single', [], true)
 5 APPPATH\Controllers\Properties\PropertiesController.php(54): view('props/single', [...])
 6 SYSTEMPATH\CodeIgniter.php(919): App\Controllers\Properties\PropertiesController->propSingle('1')
 7 SYSTEMPATH\CodeIgniter.php(494): CodeIgniter\CodeIgniter->runController(Object(App\Controllers\Properties\PropertiesController))
 8 SYSTEMPATH\CodeIgniter.php(353): CodeIgniter\CodeIgniter->handleRequest(null, Object(Config\Cache), false)
 9 FCPATH\index.php(79): CodeIgniter\CodeIgniter->run()
WARNING - 2024-08-31 21:37:13 --> [DEPRECATED] Creation of dynamic property App\Controllers\Properties\PropertiesController::$db is deprecated in APPPATH\Controllers\Properties\PropertiesController.php on line 13.
 1 SYSTEMPATH\CodeIgniter.php(891): App\Controllers\Properties\PropertiesController->__construct()
 2 SYSTEMPATH\CodeIgniter.php(485): CodeIgniter\CodeIgniter->createController()
 3 SYSTEMPATH\CodeIgniter.php(353): CodeIgniter\CodeIgniter->handleRequest(null, Object(Config\Cache), false)
 4 FCPATH\index.php(79): CodeIgniter\CodeIgniter->run()
CRITICAL - 2024-08-31 21:37:13 --> Cannot use object of type stdClass as array
in APPPATH\Views\props\single.php on line 136.
 1 SYSTEMPATH\View\View.php(226): include()
 2 SYSTEMPATH\View\View.php(229): CodeIgniter\View\View->CodeIgniter\View\{closure}()
 3 SYSTEMPATH\Common.php(1188): CodeIgniter\View\View->render('props/single', [], true)
 4 APPPATH\Controllers\Properties\PropertiesController.php(54): view('props/single', [...])
 5 SYSTEMPATH\CodeIgniter.php(919): App\Controllers\Properties\PropertiesController->propSingle('1')
 6 SYSTEMPATH\CodeIgniter.php(494): CodeIgniter\CodeIgniter->runController(Object(App\Controllers\Properties\PropertiesController))
 7 SYSTEMPATH\CodeIgniter.php(353): CodeIgniter\CodeIgniter->handleRequest(null, Object(Config\Cache), false)
 8 FCPATH\index.php(79): CodeIgniter\CodeIgniter->run()
WARNING - 2024-08-31 21:37:55 --> [DEPRECATED] Creation of dynamic property App\Controllers\Properties\PropertiesController::$db is deprecated in APPPATH\Controllers\Properties\PropertiesController.php on line 13.
 1 SYSTEMPATH\CodeIgniter.php(891): App\Controllers\Properties\PropertiesController->__construct()
 2 SYSTEMPATH\CodeIgniter.php(485): CodeIgniter\CodeIgniter->createController()
 3 SYSTEMPATH\CodeIgniter.php(353): CodeIgniter\CodeIgniter->handleRequest(null, Object(Config\Cache), false)
 4 FCPATH\index.php(79): CodeIgniter\CodeIgniter->run()
WARNING - 2024-08-31 21:38:42 --> [DEPRECATED] Creation of dynamic property App\Controllers\Properties\PropertiesController::$db is deprecated in APPPATH\Controllers\Properties\PropertiesController.php on line 13.
 1 SYSTEMPATH\CodeIgniter.php(891): App\Controllers\Properties\PropertiesController->__construct()
 2 SYSTEMPATH\CodeIgniter.php(485): CodeIgniter\CodeIgniter->createController()
 3 SYSTEMPATH\CodeIgniter.php(353): CodeIgniter\CodeIgniter->handleRequest(null, Object(Config\Cache), false)
 4 FCPATH\index.php(79): CodeIgniter\CodeIgniter->run()
CRITICAL - 2024-08-31 21:38:43 --> Undefined property: stdClass::$title
in APPPATH\Views\props\single.php on line 144.
 1 APPPATH\Views\props\single.php(144): CodeIgniter\Debug\Exceptions->errorHandler(2, 'Undefined property: stdClass::$title', 'C:\\xampp\\htdocs\\ci-homeland\\app\\Views\\props\\single.php', 144)
 2 SYSTEMPATH\View\View.php(226): include('C:\\xampp\\htdocs\\ci-homeland\\app\\Views\\props\\single.php')
 3 SYSTEMPATH\View\View.php(229): CodeIgniter\View\View->CodeIgniter\View\{closure}()
 4 SYSTEMPATH\Common.php(1188): CodeIgniter\View\View->render('props/single', [], true)
 5 APPPATH\Controllers\Properties\PropertiesController.php(54): view('props/single', [...])
 6 SYSTEMPATH\CodeIgniter.php(919): App\Controllers\Properties\PropertiesController->propSingle('1')
 7 SYSTEMPATH\CodeIgniter.php(494): CodeIgniter\CodeIgniter->runController(Object(App\Controllers\Properties\PropertiesController))
 8 SYSTEMPATH\CodeIgniter.php(353): CodeIgniter\CodeIgniter->handleRequest(null, Object(Config\Cache), false)
 9 FCPATH\index.php(79): CodeIgniter\CodeIgniter->run()
WARNING - 2024-08-31 21:39:03 --> [DEPRECATED] Creation of dynamic property App\Controllers\Properties\PropertiesController::$db is deprecated in APPPATH\Controllers\Properties\PropertiesController.php on line 13.
 1 SYSTEMPATH\CodeIgniter.php(891): App\Controllers\Properties\PropertiesController->__construct()
 2 SYSTEMPATH\CodeIgniter.php(485): CodeIgniter\CodeIgniter->createController()
 3 SYSTEMPATH\CodeIgniter.php(353): CodeIgniter\CodeIgniter->handleRequest(null, Object(Config\Cache), false)
 4 FCPATH\index.php(79): CodeIgniter\CodeIgniter->run()
WARNING - 2024-08-31 21:40:05 --> [DEPRECATED] Creation of dynamic property App\Controllers\Properties\PropertiesController::$db is deprecated in APPPATH\Controllers\Properties\PropertiesController.php on line 13.
 1 SYSTEMPATH\CodeIgniter.php(891): App\Controllers\Properties\PropertiesController->__construct()
 2 SYSTEMPATH\CodeIgniter.php(485): CodeIgniter\CodeIgniter->createController()
 3 SYSTEMPATH\CodeIgniter.php(353): CodeIgniter\CodeIgniter->handleRequest(null, Object(Config\Cache), false)
 4 FCPATH\index.php(79): CodeIgniter\CodeIgniter->run()
INFO - 2024-08-31 21:40:05 --> Session: Class initialized using 'CodeIgniter\Session\Handlers\FileHandler' driver.
INFO - 2024-08-31 21:40:08 --> Session: Class initialized using 'CodeIgniter\Session\Handlers\FileHandler' driver.
WARNING - 2024-08-31 21:41:23 --> [DEPRECATED] Creation of dynamic property App\Controllers\Properties\PropertiesController::$db is deprecated in APPPATH\Controllers\Properties\PropertiesController.php on line 13.
 1 SYSTEMPATH\CodeIgniter.php(891): App\Controllers\Properties\PropertiesController->__construct()
 2 SYSTEMPATH\CodeIgniter.php(485): CodeIgniter\CodeIgniter->createController()
 3 SYSTEMPATH\CodeIgniter.php(353): CodeIgniter\CodeIgniter->handleRequest(null, Object(Config\Cache), false)
 4 FCPATH\index.php(79): CodeIgniter\CodeIgniter->run()
INFO - 2024-08-31 21:41:23 --> Session: Class initialized using 'CodeIgniter\Session\Handlers\FileHandler' driver.
INFO - 2024-08-31 21:41:26 --> Session: Class initialized using 'CodeIgniter\Session\Handlers\FileHandler' driver.
WARNING - 2024-08-31 22:03:33 --> [DEPRECATED] Creation of dynamic property App\Controllers\Properties\PropertiesController::$db is deprecated in APPPATH\Controllers\Properties\PropertiesController.php on line 13.
 1 SYSTEMPATH\CodeIgniter.php(891): App\Controllers\Properties\PropertiesController->__construct()
 2 SYSTEMPATH\CodeIgniter.php(485): CodeIgniter\CodeIgniter->createController()
 3 SYSTEMPATH\CodeIgniter.php(353): CodeIgniter\CodeIgniter->handleRequest(null, Object(Config\Cache), false)
 4 FCPATH\index.php(79): CodeIgniter\CodeIgniter->run()
WARNING - 2024-08-31 22:03:51 --> [DEPRECATED] Creation of dynamic property App\Controllers\Properties\PropertiesController::$db is deprecated in APPPATH\Controllers\Properties\PropertiesController.php on line 13.
 1 SYSTEMPATH\CodeIgniter.php(891): App\Controllers\Properties\PropertiesController->__construct()
 2 SYSTEMPATH\CodeIgniter.php(485): CodeIgniter\CodeIgniter->createController()
 3 SYSTEMPATH\CodeIgniter.php(353): CodeIgniter\CodeIgniter->handleRequest(null, Object(Config\Cache), false)
 4 FCPATH\index.php(79): CodeIgniter\CodeIgniter->run()
INFO - 2024-08-31 22:03:51 --> Session: Class initialized using 'CodeIgniter\Session\Handlers\FileHandler' driver.
INFO - 2024-08-31 22:03:54 --> Session: Class initialized using 'CodeIgniter\Session\Handlers\FileHandler' driver.
WARNING - 2024-08-31 22:04:41 --> [DEPRECATED] Creation of dynamic property App\Controllers\Properties\PropertiesController::$db is deprecated in APPPATH\Controllers\Properties\PropertiesController.php on line 13.
 1 SYSTEMPATH\CodeIgniter.php(891): App\Controllers\Properties\PropertiesController->__construct()
 2 SYSTEMPATH\CodeIgniter.php(485): CodeIgniter\CodeIgniter->createController()
 3 SYSTEMPATH\CodeIgniter.php(353): CodeIgniter\CodeIgniter->handleRequest(null, Object(Config\Cache), false)
 4 FCPATH\index.php(79): CodeIgniter\CodeIgniter->run()
INFO - 2024-08-31 22:04:41 --> Session: Class initialized using 'CodeIgniter\Session\Handlers\FileHandler' driver.
INFO - 2024-08-31 22:04:43 --> Session: Class initialized using 'CodeIgniter\Session\Handlers\FileHandler' driver.
WARNING - 2024-08-31 22:06:00 --> [DEPRECATED] Creation of dynamic property App\Controllers\Properties\PropertiesController::$db is deprecated in APPPATH\Controllers\Properties\PropertiesController.php on line 13.
 1 SYSTEMPATH\CodeIgniter.php(891): App\Controllers\Properties\PropertiesController->__construct()
 2 SYSTEMPATH\CodeIgniter.php(485): CodeIgniter\CodeIgniter->createController()
 3 SYSTEMPATH\CodeIgniter.php(353): CodeIgniter\CodeIgniter->handleRequest(null, Object(Config\Cache), false)
 4 FCPATH\index.php(79): CodeIgniter\CodeIgniter->run()
INFO - 2024-08-31 22:06:00 --> Session: Class initialized using 'CodeIgniter\Session\Handlers\FileHandler' driver.
INFO - 2024-08-31 22:06:03 --> Session: Class initialized using 'CodeIgniter\Session\Handlers\FileHandler' driver.
WARNING - 2024-08-31 22:07:30 --> [DEPRECATED] Creation of dynamic property App\Controllers\Properties\PropertiesController::$db is deprecated in APPPATH\Controllers\Properties\PropertiesController.php on line 13.
 1 SYSTEMPATH\CodeIgniter.php(891): App\Controllers\Properties\PropertiesController->__construct()
 2 SYSTEMPATH\CodeIgniter.php(485): CodeIgniter\CodeIgniter->createController()
 3 SYSTEMPATH\CodeIgniter.php(353): CodeIgniter\CodeIgniter->handleRequest(null, Object(Config\Cache), false)
 4 FCPATH\index.php(79): CodeIgniter\CodeIgniter->run()
ERROR - 2024-08-31 22:07:30 --> mysqli_sql_exception: You have an error in your SQL syntax; check the manual that corresponds to your MariaDB server version for the right syntax to use near 'AMD id != 1' at line 1 in C:\xampp\htdocs\ci-homeland\system\Database\MySQLi\Connection.php:306
Stack trace:
#0 C:\xampp\htdocs\ci-homeland\system\Database\MySQLi\Connection.php(306): mysqli->query('SELECT * FROM p...', 0)
#1 C:\xampp\htdocs\ci-homeland\system\Database\BaseConnection.php(692): CodeIgniter\Database\MySQLi\Connection->execute('SELECT * FROM p...')
#2 C:\xampp\htdocs\ci-homeland\system\Database\BaseConnection.php(606): CodeIgniter\Database\BaseConnection->simpleQuery('SELECT * FROM p...')
#3 C:\xampp\htdocs\ci-homeland\app\Controllers\Properties\PropertiesController.php(52): CodeIgniter\Database\BaseConnection->query('SELECT * FROM p...')
#4 C:\xampp\htdocs\ci-homeland\system\CodeIgniter.php(919): App\Controllers\Properties\PropertiesController->propSingle('1')
#5 C:\xampp\htdocs\ci-homeland\system\CodeIgniter.php(494): CodeIgniter\CodeIgniter->runController(Object(App\Controllers\Properties\PropertiesController))
#6 C:\xampp\htdocs\ci-homeland\system\CodeIgniter.php(353): CodeIgniter\CodeIgniter->handleRequest(NULL, Object(Config\Cache), false)
#7 C:\xampp\htdocs\ci-homeland\index.php(79): CodeIgniter\CodeIgniter->run()
#8 {main}
CRITICAL - 2024-08-31 22:07:31 --> You have an error in your SQL syntax; check the manual that corresponds to your MariaDB server version for the right syntax to use near 'AMD id != 1' at line 1
in SYSTEMPATH\Database\BaseConnection.php on line 646.
 1 APPPATH\Controllers\Properties\PropertiesController.php(52): CodeIgniter\Database\BaseConnection->query('SELECT * FROM properties WHERE home_type=\'condo\' AMD id != 1 ')
 2 SYSTEMPATH\CodeIgniter.php(919): App\Controllers\Properties\PropertiesController->propSingle('1')
 3 SYSTEMPATH\CodeIgniter.php(494): CodeIgniter\CodeIgniter->runController(Object(App\Controllers\Properties\PropertiesController))
 4 SYSTEMPATH\CodeIgniter.php(353): CodeIgniter\CodeIgniter->handleRequest(null, Object(Config\Cache), false)
 5 FCPATH\index.php(79): CodeIgniter\CodeIgniter->run()
WARNING - 2024-08-31 22:07:54 --> [DEPRECATED] Creation of dynamic property App\Controllers\Properties\PropertiesController::$db is deprecated in APPPATH\Controllers\Properties\PropertiesController.php on line 13.
 1 SYSTEMPATH\CodeIgniter.php(891): App\Controllers\Properties\PropertiesController->__construct()
 2 SYSTEMPATH\CodeIgniter.php(485): CodeIgniter\CodeIgniter->createController()
 3 SYSTEMPATH\CodeIgniter.php(353): CodeIgniter\CodeIgniter->handleRequest(null, Object(Config\Cache), false)
 4 FCPATH\index.php(79): CodeIgniter\CodeIgniter->run()
INFO - 2024-08-31 22:07:54 --> Session: Class initialized using 'CodeIgniter\Session\Handlers\FileHandler' driver.
INFO - 2024-08-31 22:07:57 --> Session: Class initialized using 'CodeIgniter\Session\Handlers\FileHandler' driver.
WARNING - 2024-08-31 22:09:45 --> [DEPRECATED] Creation of dynamic property App\Controllers\Properties\PropertiesController::$db is deprecated in APPPATH\Controllers\Properties\PropertiesController.php on line 13.
 1 SYSTEMPATH\CodeIgniter.php(891): App\Controllers\Properties\PropertiesController->__construct()
 2 SYSTEMPATH\CodeIgniter.php(485): CodeIgniter\CodeIgniter->createController()
 3 SYSTEMPATH\CodeIgniter.php(353): CodeIgniter\CodeIgniter->handleRequest(null, Object(Config\Cache), false)
 4 FCPATH\index.php(79): CodeIgniter\CodeIgniter->run()
INFO - 2024-08-31 22:09:45 --> Session: Class initialized using 'CodeIgniter\Session\Handlers\FileHandler' driver.
INFO - 2024-08-31 22:09:48 --> Session: Class initialized using 'CodeIgniter\Session\Handlers\FileHandler' driver.
WARNING - 2024-08-31 22:16:00 --> [DEPRECATED] Creation of dynamic property App\Controllers\Properties\PropertiesController::$db is deprecated in APPPATH\Controllers\Properties\PropertiesController.php on line 13.
 1 SYSTEMPATH\CodeIgniter.php(891): App\Controllers\Properties\PropertiesController->__construct()
 2 SYSTEMPATH\CodeIgniter.php(485): CodeIgniter\CodeIgniter->createController()
 3 SYSTEMPATH\CodeIgniter.php(353): CodeIgniter\CodeIgniter->handleRequest(null, Object(Config\Cache), false)
 4 FCPATH\index.php(79): CodeIgniter\CodeIgniter->run()
INFO - 2024-08-31 22:16:00 --> Session: Class initialized using 'CodeIgniter\Session\Handlers\FileHandler' driver.
INFO - 2024-08-31 22:16:03 --> Session: Class initialized using 'CodeIgniter\Session\Handlers\FileHandler' driver.
WARNING - 2024-08-31 22:16:05 --> [DEPRECATED] Creation of dynamic property App\Controllers\Properties\PropertiesController::$db is deprecated in APPPATH\Controllers\Properties\PropertiesController.php on line 13.
 1 SYSTEMPATH\CodeIgniter.php(891): App\Controllers\Properties\PropertiesController->__construct()
 2 SYSTEMPATH\CodeIgniter.php(485): CodeIgniter\CodeIgniter->createController()
 3 SYSTEMPATH\CodeIgniter.php(353): CodeIgniter\CodeIgniter->handleRequest(null, Object(Config\Cache), false)
 4 FCPATH\index.php(79): CodeIgniter\CodeIgniter->run()
INFO - 2024-08-31 22:16:05 --> Session: Class initialized using 'CodeIgniter\Session\Handlers\FileHandler' driver.
INFO - 2024-08-31 22:16:08 --> Session: Class initialized using 'CodeIgniter\Session\Handlers\FileHandler' driver.
WARNING - 2024-08-31 22:20:41 --> [DEPRECATED] Creation of dynamic property App\Controllers\Properties\PropertiesController::$db is deprecated in APPPATH\Controllers\Properties\PropertiesController.php on line 13.
 1 SYSTEMPATH\CodeIgniter.php(891): App\Controllers\Properties\PropertiesController->__construct()
 2 SYSTEMPATH\CodeIgniter.php(485): CodeIgniter\CodeIgniter->createController()
 3 SYSTEMPATH\CodeIgniter.php(353): CodeIgniter\CodeIgniter->handleRequest(null, Object(Config\Cache), false)
 4 FCPATH\index.php(79): CodeIgniter\CodeIgniter->run()
INFO - 2024-08-31 22:20:41 --> Session: Class initialized using 'CodeIgniter\Session\Handlers\FileHandler' driver.
INFO - 2024-08-31 22:20:44 --> Session: Class initialized using 'CodeIgniter\Session\Handlers\FileHandler' driver.
WARNING - 2024-08-31 22:20:54 --> [DEPRECATED] Creation of dynamic property App\Controllers\Properties\PropertiesController::$db is deprecated in APPPATH\Controllers\Properties\PropertiesController.php on line 13.
 1 SYSTEMPATH\CodeIgniter.php(891): App\Controllers\Properties\PropertiesController->__construct()
 2 SYSTEMPATH\CodeIgniter.php(485): CodeIgniter\CodeIgniter->createController()
 3 SYSTEMPATH\CodeIgniter.php(353): CodeIgniter\CodeIgniter->handleRequest(null, Object(Config\Cache), false)
 4 FCPATH\index.php(79): CodeIgniter\CodeIgniter->run()
INFO - 2024-08-31 22:20:54 --> Session: Class initialized using 'CodeIgniter\Session\Handlers\FileHandler' driver.
INFO - 2024-08-31 22:20:56 --> Session: Class initialized using 'CodeIgniter\Session\Handlers\FileHandler' driver.
WARNING - 2024-08-31 22:21:43 --> [DEPRECATED] Creation of dynamic property App\Controllers\Properties\PropertiesController::$db is deprecated in APPPATH\Controllers\Properties\PropertiesController.php on line 13.
 1 SYSTEMPATH\CodeIgniter.php(891): App\Controllers\Properties\PropertiesController->__construct()
 2 SYSTEMPATH\CodeIgniter.php(485): CodeIgniter\CodeIgniter->createController()
 3 SYSTEMPATH\CodeIgniter.php(353): CodeIgniter\CodeIgniter->handleRequest(null, Object(Config\Cache), false)
 4 FCPATH\index.php(79): CodeIgniter\CodeIgniter->run()
INFO - 2024-08-31 22:21:43 --> Session: Class initialized using 'CodeIgniter\Session\Handlers\FileHandler' driver.
INFO - 2024-08-31 22:21:46 --> Session: Class initialized using 'CodeIgniter\Session\Handlers\FileHandler' driver.
WARNING - 2024-08-31 22:22:01 --> [DEPRECATED] Creation of dynamic property App\Controllers\Properties\PropertiesController::$db is deprecated in APPPATH\Controllers\Properties\PropertiesController.php on line 13.
 1 SYSTEMPATH\CodeIgniter.php(891): App\Controllers\Properties\PropertiesController->__construct()
 2 SYSTEMPATH\CodeIgniter.php(485): CodeIgniter\CodeIgniter->createController()
 3 SYSTEMPATH\CodeIgniter.php(353): CodeIgniter\CodeIgniter->handleRequest(null, Object(Config\Cache), false)
 4 FCPATH\index.php(79): CodeIgniter\CodeIgniter->run()
INFO - 2024-08-31 22:22:01 --> Session: Class initialized using 'CodeIgniter\Session\Handlers\FileHandler' driver.
INFO - 2024-08-31 22:22:03 --> Session: Class initialized using 'CodeIgniter\Session\Handlers\FileHandler' driver.
WARNING - 2024-08-31 22:23:40 --> [DEPRECATED] Creation of dynamic property App\Controllers\Properties\PropertiesController::$db is deprecated in APPPATH\Controllers\Properties\PropertiesController.php on line 13.
 1 SYSTEMPATH\CodeIgniter.php(891): App\Controllers\Properties\PropertiesController->__construct()
 2 SYSTEMPATH\CodeIgniter.php(485): CodeIgniter\CodeIgniter->createController()
 3 SYSTEMPATH\CodeIgniter.php(353): CodeIgniter\CodeIgniter->handleRequest(null, Object(Config\Cache), false)
 4 FCPATH\index.php(79): CodeIgniter\CodeIgniter->run()
INFO - 2024-08-31 22:23:40 --> Session: Class initialized using 'CodeIgniter\Session\Handlers\FileHandler' driver.
INFO - 2024-08-31 22:23:43 --> Session: Class initialized using 'CodeIgniter\Session\Handlers\FileHandler' driver.
INFO - 2024-08-31 22:26:21 --> Session: Class initialized using 'CodeIgniter\Session\Handlers\FileHandler' driver.
INFO - 2024-08-31 22:26:24 --> Session: Class initialized using 'CodeIgniter\Session\Handlers\FileHandler' driver.
INFO - 2024-08-31 22:26:27 --> Session: Class initialized using 'CodeIgniter\Session\Handlers\FileHandler' driver.
INFO - 2024-08-31 22:26:30 --> Session: Class initialized using 'CodeIgniter\Session\Handlers\FileHandler' driver.
INFO - 2024-08-31 22:26:53 --> Session: Class initialized using 'CodeIgniter\Session\Handlers\FileHandler' driver.
INFO - 2024-08-31 22:26:54 --> Session: Class initialized using 'CodeIgniter\Session\Handlers\FileHandler' driver.
INFO - 2024-08-31 22:26:57 --> Session: Class initialized using 'CodeIgniter\Session\Handlers\FileHandler' driver.
INFO - 2024-08-31 22:27:01 --> Session: Class initialized using 'CodeIgniter\Session\Handlers\FileHandler' driver.
INFO - 2024-08-31 22:27:03 --> Session: Class initialized using 'CodeIgniter\Session\Handlers\FileHandler' driver.
INFO - 2024-08-31 22:27:34 --> Session: Class initialized using 'CodeIgniter\Session\Handlers\FileHandler' driver.
INFO - 2024-08-31 22:27:36 --> Session: Class initialized using 'CodeIgniter\Session\Handlers\FileHandler' driver.
INFO - 2024-08-31 22:27:39 --> Session: Class initialized using 'CodeIgniter\Session\Handlers\FileHandler' driver.
INFO - 2024-08-31 22:28:06 --> Session: Class initialized using 'CodeIgniter\Session\Handlers\FileHandler' driver.
INFO - 2024-08-31 22:28:08 --> Session: Class initialized using 'CodeIgniter\Session\Handlers\FileHandler' driver.
INFO - 2024-08-31 22:28:11 --> Session: Class initialized using 'CodeIgniter\Session\Handlers\FileHandler' driver.
INFO - 2024-08-31 22:28:45 --> Session: Class initialized using 'CodeIgniter\Session\Handlers\FileHandler' driver.
INFO - 2024-08-31 22:28:48 --> Session: Class initialized using 'CodeIgniter\Session\Handlers\FileHandler' driver.
INFO - 2024-08-31 23:01:25 --> Session: Class initialized using 'CodeIgniter\Session\Handlers\FileHandler' driver.
WARNING - 2024-08-31 23:01:32 --> [DEPRECATED] Creation of dynamic property App\Controllers\Properties\PropertiesController::$db is deprecated in APPPATH\Controllers\Properties\PropertiesController.php on line 14.
 1 SYSTEMPATH\CodeIgniter.php(891): App\Controllers\Properties\PropertiesController->__construct()
 2 SYSTEMPATH\CodeIgniter.php(485): CodeIgniter\CodeIgniter->createController()
 3 SYSTEMPATH\CodeIgniter.php(353): CodeIgniter\CodeIgniter->handleRequest(null, Object(Config\Cache), false)
 4 FCPATH\index.php(79): CodeIgniter\CodeIgniter->run()
INFO - 2024-08-31 23:01:32 --> Session: Class initialized using 'CodeIgniter\Session\Handlers\FileHandler' driver.
INFO - 2024-08-31 23:01:35 --> Session: Class initialized using 'CodeIgniter\Session\Handlers\FileHandler' driver.
WARNING - 2024-08-31 23:07:04 --> [DEPRECATED] Creation of dynamic property App\Controllers\Properties\PropertiesController::$db is deprecated in APPPATH\Controllers\Properties\PropertiesController.php on line 14.
 1 SYSTEMPATH\CodeIgniter.php(891): App\Controllers\Properties\PropertiesController->__construct()
 2 SYSTEMPATH\CodeIgniter.php(485): CodeIgniter\CodeIgniter->createController()
 3 SYSTEMPATH\CodeIgniter.php(353): CodeIgniter\CodeIgniter->handleRequest(null, Object(Config\Cache), false)
 4 FCPATH\index.php(79): CodeIgniter\CodeIgniter->run()
INFO - 2024-08-31 23:07:04 --> Session: Class initialized using 'CodeIgniter\Session\Handlers\FileHandler' driver.
INFO - 2024-08-31 23:07:07 --> Session: Class initialized using 'CodeIgniter\Session\Handlers\FileHandler' driver.
WARNING - 2024-08-31 23:07:57 --> [DEPRECATED] Creation of dynamic property App\Controllers\Properties\PropertiesController::$db is deprecated in APPPATH\Controllers\Properties\PropertiesController.php on line 14.
 1 SYSTEMPATH\CodeIgniter.php(891): App\Controllers\Properties\PropertiesController->__construct()
 2 SYSTEMPATH\CodeIgniter.php(485): CodeIgniter\CodeIgniter->createController()
 3 SYSTEMPATH\CodeIgniter.php(353): CodeIgniter\CodeIgniter->handleRequest(null, Object(Config\Cache), false)
 4 FCPATH\index.php(79): CodeIgniter\CodeIgniter->run()
INFO - 2024-08-31 23:07:57 --> Session: Class initialized using 'CodeIgniter\Session\Handlers\FileHandler' driver.
INFO - 2024-08-31 23:08:00 --> Session: Class initialized using 'CodeIgniter\Session\Handlers\FileHandler' driver.
INFO - 2024-08-31 23:08:02 --> Session: Class initialized using 'CodeIgniter\Session\Handlers\FileHandler' driver.
INFO - 2024-08-31 23:08:05 --> Session: Class initialized using 'CodeIgniter\Session\Handlers\FileHandler' driver.
WARNING - 2024-08-31 23:08:11 --> [DEPRECATED] Creation of dynamic property App\Controllers\Properties\PropertiesController::$db is deprecated in APPPATH\Controllers\Properties\PropertiesController.php on line 14.
 1 SYSTEMPATH\CodeIgniter.php(891): App\Controllers\Properties\PropertiesController->__construct()
 2 SYSTEMPATH\CodeIgniter.php(485): CodeIgniter\CodeIgniter->createController()
 3 SYSTEMPATH\CodeIgniter.php(353): CodeIgniter\CodeIgniter->handleRequest(null, Object(Config\Cache), false)
 4 FCPATH\index.php(79): CodeIgniter\CodeIgniter->run()
INFO - 2024-08-31 23:08:11 --> Session: Class initialized using 'CodeIgniter\Session\Handlers\FileHandler' driver.
INFO - 2024-08-31 23:08:14 --> Session: Class initialized using 'CodeIgniter\Session\Handlers\FileHandler' driver.
WARNING - 2024-08-31 23:08:52 --> [DEPRECATED] Creation of dynamic property App\Controllers\Properties\PropertiesController::$db is deprecated in APPPATH\Controllers\Properties\PropertiesController.php on line 14.
 1 SYSTEMPATH\CodeIgniter.php(891): App\Controllers\Properties\PropertiesController->__construct()
 2 SYSTEMPATH\CodeIgniter.php(485): CodeIgniter\CodeIgniter->createController()
 3 SYSTEMPATH\CodeIgniter.php(353): CodeIgniter\CodeIgniter->handleRequest(null, Object(Config\Cache), false)
 4 FCPATH\index.php(79): CodeIgniter\CodeIgniter->run()
INFO - 2024-08-31 23:08:52 --> Session: Class initialized using 'CodeIgniter\Session\Handlers\FileHandler' driver.
CRITICAL - 2024-08-31 23:08:52 --> Undefined variable $date
in APPPATH\Controllers\Properties\PropertiesController.php on line 74.
 1 APPPATH\Controllers\Properties\PropertiesController.php(74): CodeIgniter\Debug\Exceptions->errorHandler(2, 'Undefined variable $date', 'C:\\xampp\\htdocs\\ci-homeland\\app\\Controllers\\Properties\\PropertiesController.php', 74)
 2 SYSTEMPATH\CodeIgniter.php(919): App\Controllers\Properties\PropertiesController->sendRequest('1')
 3 SYSTEMPATH\CodeIgniter.php(494): CodeIgniter\CodeIgniter->runController(Object(App\Controllers\Properties\PropertiesController))
 4 SYSTEMPATH\CodeIgniter.php(353): CodeIgniter\CodeIgniter->handleRequest(null, Object(Config\Cache), false)
 5 FCPATH\index.php(79): CodeIgniter\CodeIgniter->run()
WARNING - 2024-08-31 23:09:13 --> [DEPRECATED] Creation of dynamic property App\Controllers\Properties\PropertiesController::$db is deprecated in APPPATH\Controllers\Properties\PropertiesController.php on line 14.
 1 SYSTEMPATH\CodeIgniter.php(891): App\Controllers\Properties\PropertiesController->__construct()
 2 SYSTEMPATH\CodeIgniter.php(485): CodeIgniter\CodeIgniter->createController()
 3 SYSTEMPATH\CodeIgniter.php(353): CodeIgniter\CodeIgniter->handleRequest(null, Object(Config\Cache), false)
 4 FCPATH\index.php(79): CodeIgniter\CodeIgniter->run()
INFO - 2024-08-31 23:09:13 --> Session: Class initialized using 'CodeIgniter\Session\Handlers\FileHandler' driver.
INFO - 2024-08-31 23:09:16 --> Session: Class initialized using 'CodeIgniter\Session\Handlers\FileHandler' driver.
WARNING - 2024-08-31 23:12:13 --> [DEPRECATED] Creation of dynamic property App\Controllers\Properties\PropertiesController::$db is deprecated in APPPATH\Controllers\Properties\PropertiesController.php on line 14.
 1 SYSTEMPATH\CodeIgniter.php(891): App\Controllers\Properties\PropertiesController->__construct()
 2 SYSTEMPATH\CodeIgniter.php(485): CodeIgniter\CodeIgniter->createController()
 3 SYSTEMPATH\CodeIgniter.php(353): CodeIgniter\CodeIgniter->handleRequest(null, Object(Config\Cache), false)
 4 FCPATH\index.php(79): CodeIgniter\CodeIgniter->run()
INFO - 2024-08-31 23:12:13 --> Session: Class initialized using 'CodeIgniter\Session\Handlers\FileHandler' driver.
WARNING - 2024-08-31 23:14:38 --> [DEPRECATED] Creation of dynamic property App\Controllers\Properties\PropertiesController::$db is deprecated in APPPATH\Controllers\Properties\PropertiesController.php on line 14.
 1 SYSTEMPATH\CodeIgniter.php(891): App\Controllers\Properties\PropertiesController->__construct()
 2 SYSTEMPATH\CodeIgniter.php(485): CodeIgniter\CodeIgniter->createController()
 3 SYSTEMPATH\CodeIgniter.php(353): CodeIgniter\CodeIgniter->handleRequest(null, Object(Config\Cache), false)
 4 FCPATH\index.php(79): CodeIgniter\CodeIgniter->run()
INFO - 2024-08-31 23:14:38 --> Session: Class initialized using 'CodeIgniter\Session\Handlers\FileHandler' driver.
INFO - 2024-08-31 23:14:41 --> Session: Class initialized using 'CodeIgniter\Session\Handlers\FileHandler' driver.
WARNING - 2024-08-31 23:16:38 --> [DEPRECATED] Creation of dynamic property App\Controllers\Properties\PropertiesController::$db is deprecated in APPPATH\Controllers\Properties\PropertiesController.php on line 14.
 1 SYSTEMPATH\CodeIgniter.php(891): App\Controllers\Properties\PropertiesController->__construct()
 2 SYSTEMPATH\CodeIgniter.php(485): CodeIgniter\CodeIgniter->createController()
 3 SYSTEMPATH\CodeIgniter.php(353): CodeIgniter\CodeIgniter->handleRequest(null, Object(Config\Cache), false)
 4 FCPATH\index.php(79): CodeIgniter\CodeIgniter->run()
INFO - 2024-08-31 23:16:38 --> Session: Class initialized using 'CodeIgniter\Session\Handlers\FileHandler' driver.
INFO - 2024-08-31 23:16:41 --> Session: Class initialized using 'CodeIgniter\Session\Handlers\FileHandler' driver.
WARNING - 2024-08-31 23:17:14 --> [DEPRECATED] Creation of dynamic property App\Controllers\Properties\PropertiesController::$db is deprecated in APPPATH\Controllers\Properties\PropertiesController.php on line 14.
 1 SYSTEMPATH\CodeIgniter.php(891): App\Controllers\Properties\PropertiesController->__construct()
 2 SYSTEMPATH\CodeIgniter.php(485): CodeIgniter\CodeIgniter->createController()
 3 SYSTEMPATH\CodeIgniter.php(353): CodeIgniter\CodeIgniter->handleRequest(null, Object(Config\Cache), false)
 4 FCPATH\index.php(79): CodeIgniter\CodeIgniter->run()
INFO - 2024-08-31 23:17:14 --> Session: Class initialized using 'CodeIgniter\Session\Handlers\FileHandler' driver.
INFO - 2024-08-31 23:17:17 --> Session: Class initialized using 'CodeIgniter\Session\Handlers\FileHandler' driver.
